[BOOT] timm not found; installing timm==1.0.27
WARNING: Running pip as the 'root' user can result in broken permissions and conflicting behaviour with the system package manager, possibly rendering your system unusable. It is recommended to use a virtual environment instead: https://pip.pypa.io/warnings/venv. Use the --root-user-action option if you know what you are doing and want to suppress this warning.
[BOOT] timm installation completed
========================================================================
STANDARD LOGIT KD / RESNET56 -> VIT STUDENT
========================================================================
[ENV] python=3.10.12 torch=2.11.0+cu130 timm=1.0.27
[ENV] cuda_available=True cuda_device_count=1
[ENV] gpu_name=NVIDIA H200 NVL
[ENV] gpu_memory_gib=139.80
[ENV] device=cuda amp=True seed=42
[PATH] data_dir=/app/scratch/input/bapedragon_397/data
[PATH] teacher_root=/app/scratch/input/bapedragon_397/checkpoints/teachers
[PATH] run_dir=/app/output/kd_cifar100_pit_300ep
[MODE] smoke=False timing_run=False student_epochs=300
[PROTOCOL] optimizer=AdamW lr=0.0005 weight_decay=0.05 warmup=20 cosine batch=128 image=224
[KD] loss=(1-0.9)*CE+0.9*T^2*KL temperature=4.0 label_smoothing=0.1
[NOTE] KD temperature and loss weight are implementation choices, not specified in V2.
[NOTE] CvT, T2T-7, and T2T-14 require their official model implementations; they are not exposed by timm==1.0.27.
[DATA] CIFAR-100 root=/app/scratch/input/bapedragon_397/data
[DATA] Preparing CIFAR-100 with verified mirror fallback
[DATA] Attempt source=Hugging Face mirror try=1/2
[DATA] Download source=Hugging Face mirror url=https://huggingface.co/datasets/nakroy/cifar100-python/resolve/201a32345d2c6b970e1a36c582930c83e09c96d2/cifar-100-python.tar.gz
[DATA] Download progress source=Hugging Face mirror 10% (17.0 MiB)
[DATA] Download progress source=Hugging Face mirror 20% (33.0 MiB)
[DATA] Download progress source=Hugging Face mirror 30% (49.0 MiB)
[DATA] Download progress source=Hugging Face mirror 40% (65.0 MiB)
[DATA] Download progress source=Hugging Face mirror 50% (81.0 MiB)
[DATA] Download progress source=Hugging Face mirror 60% (97.0 MiB)
[DATA] Download progress source=Hugging Face mirror 70% (113.0 MiB)
[DATA] Download progress source=Hugging Face mirror 80% (129.0 MiB)
[DATA] Download progress source=Hugging Face mirror 90% (146.0 MiB)
[DATA] Download progress source=Hugging Face mirror 100% (161.2 MiB)
[DATA] Download verified source=Hugging Face mirror size=161.2 MiB md5=eb9058c3a382ffc7106e4002c42a8d85
[DATA] Extracting verified archive from Hugging Face mirror
[DATA] CIFAR-100 ready from Hugging Face mirror
[DATA] Preparing train split from verified local files
[DATA] Train split ready: samples=50000
[DATA] Preparing test split from verified local files
[DATA] Test split ready: samples=10000
[DATA] train_samples=50000 test_samples=10000
[DATA] image_size=224 batch_size=128 num_workers=4 smoke=False
[TEACHER] selected=best epoch=297 top1=68.68% sha256=13f95dae77b6beda1ab810985b504bc43d4e9b0ec8d54abb3aa018f4c942255a
[MODEL] teacher_params=861,620 student=pit_ti_224 student_params=4,615,972
[STUDENT] optimizer=adamw lr=0.0005 weight_decay=0.05 epochs=300 effective_warmup=20
[KD][001/300] loss=10.8450 ce=4.1583 kd=11.5879 train_acc=7.55% val_acc=11.26% best=11.26% lr=2.5e-05 time=33.6s avg_epoch=33.6s est_300=2h 48m 00s elapsed=34s saved_best
[KD][002/300] loss=9.3114 ce=3.8622 kd=9.9169 train_acc=14.27% val_acc=17.36% best=17.36% lr=5e-05 time=30.9s avg_epoch=32.3s est_300=2h 41m 17s elapsed=1m 05s saved_best
[KD][003/300] loss=7.9767 ce=3.7436 kd=8.4471 train_acc=20.40% val_acc=23.23% best=23.23% lr=7.5e-05 time=30.8s avg_epoch=31.8s est_300=2h 38m 52s elapsed=1m 36s saved_best
[KD][004/300] loss=6.7481 ce=3.6414 kd=7.0933 train_acc=26.22% val_acc=28.22% best=28.22% lr=0.0001 time=30.6s avg_epoch=31.5s est_300=2h 37m 25s elapsed=2m 06s saved_best
[KD][005/300] loss=5.9030 ce=3.5855 kd=6.1605 train_acc=31.06% val_acc=33.96% best=33.96% lr=0.000125 time=30.7s avg_epoch=31.3s est_300=2h 36m 35s elapsed=2m 37s saved_best
[KD][006/300] loss=5.2496 ce=3.4811 kd=5.4461 train_acc=35.08% val_acc=36.06% best=36.06% lr=0.00015 time=30.8s avg_epoch=31.2s est_300=2h 36m 08s elapsed=3m 08s saved_best
[KD][007/300] loss=4.7398 ce=3.3691 kd=4.8921 train_acc=38.77% val_acc=40.64% best=40.64% lr=0.000175 time=31.0s avg_epoch=31.2s est_300=2h 35m 57s elapsed=3m 39s saved_best
[KD][008/300] loss=4.2903 ce=3.2292 kd=4.4082 train_acc=42.28% val_acc=42.82% best=42.82% lr=0.0002 time=30.9s avg_epoch=31.2s est_300=2h 35m 46s elapsed=4m 10s saved_best
[KD][009/300] loss=3.9045 ce=3.0986 kd=3.9941 train_acc=45.81% val_acc=45.39% best=45.39% lr=0.000225 time=30.7s avg_epoch=31.1s est_300=2h 35m 32s elapsed=4m 41s saved_best
[KD][010/300] loss=3.5901 ce=2.9782 kd=3.6581 train_acc=48.64% val_acc=47.38% best=47.38% lr=0.00025 time=30.9s avg_epoch=31.1s est_300=2h 35m 25s elapsed=5m 12s saved_best
[KD][011/300] loss=3.3010 ce=2.8761 kd=3.3482 train_acc=51.30% val_acc=50.04% best=50.04% lr=0.000275 time=30.9s avg_epoch=31.1s est_300=2h 35m 19s elapsed=5m 43s saved_best
[KD][012/300] loss=3.0591 ce=2.7734 kd=3.0908 train_acc=54.04% val_acc=52.27% best=52.27% lr=0.0003 time=30.7s avg_epoch=31.0s est_300=2h 35m 10s elapsed=6m 13s saved_best
[KD][013/300] loss=2.8639 ce=2.6823 kd=2.8841 train_acc=56.14% val_acc=54.17% best=54.17% lr=0.000325 time=30.9s avg_epoch=31.0s est_300=2h 35m 07s elapsed=6m 44s saved_best
[KD][014/300] loss=2.7096 ce=2.6118 kd=2.7205 train_acc=57.90% val_acc=56.15% best=56.15% lr=0.00035 time=30.6s avg_epoch=31.0s est_300=2h 34m 58s elapsed=7m 15s saved_best
[KD][015/300] loss=2.5593 ce=2.5458 kd=2.5608 train_acc=59.84% val_acc=56.20% best=56.20% lr=0.000375 time=30.8s avg_epoch=31.0s est_300=2h 34m 54s elapsed=7m 46s saved_best
[KD][016/300] loss=2.4249 ce=2.4817 kd=2.4186 train_acc=61.48% val_acc=57.49% best=57.49% lr=0.0004 time=30.7s avg_epoch=31.0s est_300=2h 34m 48s elapsed=8m 17s saved_best
[KD][017/300] loss=2.3116 ce=2.4232 kd=2.2992 train_acc=62.85% val_acc=58.04% best=58.04% lr=0.000425 time=30.8s avg_epoch=31.0s est_300=2h 34m 46s elapsed=8m 48s saved_best
[KD][018/300] loss=2.2082 ce=2.3639 kd=2.1909 train_acc=64.46% val_acc=58.70% best=58.70% lr=0.00045 time=30.6s avg_epoch=30.9s est_300=2h 34m 40s elapsed=9m 18s saved_best
[KD][019/300] loss=2.1126 ce=2.3291 kd=2.0885 train_acc=65.63% val_acc=59.74% best=59.74% lr=0.000475 time=30.8s avg_epoch=30.9s est_300=2h 34m 37s elapsed=9m 49s saved_best
[KD][020/300] loss=2.0756 ce=2.2930 kd=2.0515 train_acc=66.53% val_acc=60.90% best=60.90% lr=0.0005 time=30.6s avg_epoch=30.9s est_300=2h 34m 33s elapsed=10m 20s saved_best
[KD][021/300] loss=1.9572 ce=2.2379 kd=1.9261 train_acc=68.06% val_acc=60.81% best=60.90% lr=0.0005 time=30.5s avg_epoch=30.9s est_300=2h 34m 27s elapsed=10m 50s
[KD][022/300] loss=1.8628 ce=2.1896 kd=1.8265 train_acc=69.61% val_acc=62.87% best=62.87% lr=0.000499984 time=30.6s avg_epoch=30.9s est_300=2h 34m 24s elapsed=11m 21s saved_best
[KD][023/300] loss=1.7957 ce=2.1507 kd=1.7563 train_acc=70.81% val_acc=62.75% best=62.87% lr=0.000499937 time=30.5s avg_epoch=30.9s est_300=2h 34m 18s elapsed=11m 52s
[KD][024/300] loss=1.7309 ce=2.1170 kd=1.6880 train_acc=71.68% val_acc=63.43% best=63.43% lr=0.000499858 time=30.7s avg_epoch=30.9s est_300=2h 34m 16s elapsed=12m 22s saved_best
[KD][025/300] loss=1.6772 ce=2.0894 kd=1.6314 train_acc=72.78% val_acc=64.38% best=64.38% lr=0.000499748 time=30.6s avg_epoch=30.8s est_300=2h 34m 13s elapsed=12m 53s saved_best
[KD][026/300] loss=1.6131 ce=2.0546 kd=1.5641 train_acc=73.73% val_acc=63.70% best=64.38% lr=0.000499607 time=30.4s avg_epoch=30.8s est_300=2h 34m 08s elapsed=13m 23s
[KD][027/300] loss=1.5682 ce=2.0248 kd=1.5175 train_acc=74.91% val_acc=65.15% best=65.15% lr=0.000499434 time=30.6s avg_epoch=30.8s est_300=2h 34m 05s elapsed=13m 54s saved_best
[KD][028/300] loss=1.5147 ce=2.0019 kd=1.4606 train_acc=75.72% val_acc=65.43% best=65.43% lr=0.000499229 time=30.7s avg_epoch=30.8s est_300=2h 34m 04s elapsed=14m 25s saved_best
[KD][029/300] loss=1.4726 ce=1.9762 kd=1.4167 train_acc=76.68% val_acc=65.98% best=65.98% lr=0.000498994 time=30.7s avg_epoch=30.8s est_300=2h 34m 02s elapsed=14m 56s saved_best
[KD][030/300] loss=1.4396 ce=1.9538 kd=1.3825 train_acc=77.43% val_acc=66.32% best=66.32% lr=0.000498726 time=30.6s avg_epoch=30.8s est_300=2h 34m 00s elapsed=15m 26s saved_best
[KD][031/300] loss=1.3912 ce=1.9360 kd=1.3306 train_acc=78.03% val_acc=66.01% best=66.32% lr=0.000498428 time=30.5s avg_epoch=30.8s est_300=2h 33m 57s elapsed=15m 57s
[KD][032/300] loss=1.3524 ce=1.9140 kd=1.2900 train_acc=78.80% val_acc=66.86% best=66.86% lr=0.000498098 time=30.6s avg_epoch=30.8s est_300=2h 33m 55s elapsed=16m 28s saved_best
[KD][033/300] loss=1.3217 ce=1.9002 kd=1.2575 train_acc=79.30% val_acc=66.60% best=66.86% lr=0.000497737 time=30.7s avg_epoch=30.8s est_300=2h 33m 55s elapsed=16m 58s
[KD][034/300] loss=1.3017 ce=1.8854 kd=1.2368 train_acc=79.93% val_acc=67.23% best=67.23% lr=0.000497345 time=30.6s avg_epoch=30.8s est_300=2h 33m 53s elapsed=17m 29s saved_best
[KD][035/300] loss=1.2643 ce=1.8658 kd=1.1975 train_acc=80.77% val_acc=66.98% best=67.23% lr=0.000496922 time=30.6s avg_epoch=30.8s est_300=2h 33m 52s elapsed=18m 00s
[KD][036/300] loss=1.2376 ce=1.8486 kd=1.1697 train_acc=81.24% val_acc=67.58% best=67.58% lr=0.000496468 time=30.6s avg_epoch=30.8s est_300=2h 33m 50s elapsed=18m 30s saved_best
[KD][037/300] loss=1.2195 ce=1.8453 kd=1.1500 train_acc=81.61% val_acc=67.65% best=67.65% lr=0.000495982 time=30.6s avg_epoch=30.8s est_300=2h 33m 49s elapsed=19m 01s saved_best
[KD][038/300] loss=1.1859 ce=1.8263 kd=1.1147 train_acc=82.37% val_acc=67.82% best=67.82% lr=0.000495466 time=30.7s avg_epoch=30.8s est_300=2h 33m 48s elapsed=19m 32s saved_best
[KD][039/300] loss=1.1757 ce=1.8158 kd=1.1046 train_acc=82.65% val_acc=67.38% best=67.82% lr=0.000494919 time=30.8s avg_epoch=30.8s est_300=2h 33m 48s elapsed=20m 02s
[KD][040/300] loss=1.1539 ce=1.8058 kd=1.0815 train_acc=83.04% val_acc=68.19% best=68.19% lr=0.000494341 time=30.5s avg_epoch=30.8s est_300=2h 33m 46s elapsed=20m 33s saved_best
[KD][041/300] loss=1.1299 ce=1.7960 kd=1.0559 train_acc=83.63% val_acc=68.23% best=68.23% lr=0.000493732 time=30.6s avg_epoch=30.7s est_300=2h 33m 45s elapsed=21m 04s saved_best
[KD][042/300] loss=1.1044 ce=1.7877 kd=1.0284 train_acc=83.96% val_acc=68.26% best=68.26% lr=0.000493092 time=30.6s avg_epoch=30.7s est_300=2h 33m 44s elapsed=21m 34s saved_best
[KD][043/300] loss=1.0915 ce=1.7798 kd=1.0150 train_acc=84.21% val_acc=68.60% best=68.60% lr=0.000492422 time=30.9s avg_epoch=30.7s est_300=2h 33m 45s elapsed=22m 05s saved_best
[KD][044/300] loss=1.0814 ce=1.7724 kd=1.0046 train_acc=84.55% val_acc=68.62% best=68.62% lr=0.000491722 time=30.7s avg_epoch=30.7s est_300=2h 33m 44s elapsed=22m 36s saved_best
[KD][045/300] loss=1.0571 ce=1.7594 kd=0.9791 train_acc=85.00% val_acc=69.07% best=69.07% lr=0.000490991 time=31.4s avg_epoch=30.8s est_300=2h 33m 48s elapsed=23m 08s saved_best
[KD][046/300] loss=1.0479 ce=1.7528 kd=0.9696 train_acc=85.50% val_acc=68.88% best=69.07% lr=0.000490229 time=30.7s avg_epoch=30.8s est_300=2h 33m 48s elapsed=23m 38s
[KD][047/300] loss=1.0290 ce=1.7481 kd=0.9491 train_acc=85.66% val_acc=69.08% best=69.08% lr=0.000489438 time=31.2s avg_epoch=30.8s est_300=2h 33m 51s elapsed=24m 10s saved_best
[KD][048/300] loss=1.0146 ce=1.7402 kd=0.9340 train_acc=86.03% val_acc=69.44% best=69.44% lr=0.000488616 time=31.0s avg_epoch=30.8s est_300=2h 33m 52s elapsed=24m 41s saved_best
[KD][049/300] loss=0.9976 ce=1.7343 kd=0.9158 train_acc=86.38% val_acc=69.62% best=69.62% lr=0.000487764 time=31.1s avg_epoch=30.8s est_300=2h 33m 55s elapsed=25m 12s saved_best
[KD][050/300] loss=0.9891 ce=1.7298 kd=0.9068 train_acc=86.55% val_acc=69.11% best=69.62% lr=0.000486882 time=31.2s avg_epoch=30.8s est_300=2h 33m 57s elapsed=25m 43s
[KD][051/300] loss=0.9730 ce=1.7205 kd=0.8900 train_acc=87.03% val_acc=69.51% best=69.62% lr=0.000485971 time=30.9s avg_epoch=30.8s est_300=2h 33m 58s elapsed=26m 14s
[KD][052/300] loss=0.9710 ce=1.7197 kd=0.8878 train_acc=87.18% val_acc=69.15% best=69.62% lr=0.00048503 time=31.0s avg_epoch=30.8s est_300=2h 33m 59s elapsed=26m 45s
[KD][053/300] loss=0.9516 ce=1.7141 kd=0.8668 train_acc=87.24% val_acc=69.55% best=69.62% lr=0.000484059 time=30.8s avg_epoch=30.8s est_300=2h 33m 59s elapsed=27m 16s
[KD][054/300] loss=0.9445 ce=1.7078 kd=0.8596 train_acc=87.52% val_acc=69.00% best=69.62% lr=0.000483058 time=30.9s avg_epoch=30.8s est_300=2h 34m 00s elapsed=27m 47s
[KD][055/300] loss=0.9257 ce=1.7006 kd=0.8397 train_acc=87.96% val_acc=69.71% best=69.71% lr=0.000482029 time=30.8s avg_epoch=30.8s est_300=2h 34m 00s elapsed=28m 18s saved_best
[KD][056/300] loss=0.9155 ce=1.6982 kd=0.8285 train_acc=88.04% val_acc=70.03% best=70.03% lr=0.00048097 time=30.7s avg_epoch=30.8s est_300=2h 33m 59s elapsed=28m 49s saved_best
[KD][057/300] loss=0.9121 ce=1.6943 kd=0.8252 train_acc=88.22% val_acc=69.89% best=70.03% lr=0.000479882 time=31.3s avg_epoch=30.8s est_300=2h 34m 02s elapsed=29m 20s
[KD][058/300] loss=0.9055 ce=1.6908 kd=0.8182 train_acc=88.46% val_acc=69.70% best=70.03% lr=0.000478765 time=31.3s avg_epoch=30.8s est_300=2h 34m 05s elapsed=29m 51s
[KD][059/300] loss=0.8997 ce=1.6889 kd=0.8120 train_acc=88.57% val_acc=69.83% best=70.03% lr=0.000477619 time=31.8s avg_epoch=30.8s est_300=2h 34m 10s elapsed=30m 23s
[KD][060/300] loss=0.8872 ce=1.6833 kd=0.7987 train_acc=88.84% val_acc=70.54% best=70.54% lr=0.000476445 time=31.2s avg_epoch=30.8s est_300=2h 34m 12s elapsed=30m 55s saved_best
[KD][061/300] loss=0.8760 ce=1.6793 kd=0.7868 train_acc=88.91% val_acc=70.01% best=70.54% lr=0.000475242 time=31.5s avg_epoch=30.9s est_300=2h 34m 15s elapsed=31m 26s
[KD][062/300] loss=0.8700 ce=1.6758 kd=0.7804 train_acc=89.16% val_acc=69.96% best=70.54% lr=0.000474011 time=31.8s avg_epoch=30.9s est_300=2h 34m 20s elapsed=31m 58s
[KD][063/300] loss=0.8606 ce=1.6751 kd=0.7701 train_acc=89.40% val_acc=70.36% best=70.54% lr=0.000472752 time=31.5s avg_epoch=30.9s est_300=2h 34m 23s elapsed=32m 30s
[KD][064/300] loss=0.8553 ce=1.6726 kd=0.7644 train_acc=89.40% val_acc=69.93% best=70.54% lr=0.000471464 time=31.6s avg_epoch=30.9s est_300=2h 34m 27s elapsed=33m 01s
[KD][065/300] loss=0.8465 ce=1.6680 kd=0.7553 train_acc=89.71% val_acc=69.97% best=70.54% lr=0.000470149 time=31.4s avg_epoch=30.9s est_300=2h 34m 29s elapsed=33m 33s
[KD][066/300] loss=0.8378 ce=1.6645 kd=0.7459 train_acc=89.80% val_acc=70.52% best=70.54% lr=0.000468806 time=31.7s avg_epoch=30.9s est_300=2h 34m 33s elapsed=34m 05s
[KD][067/300] loss=0.8320 ce=1.6602 kd=0.7400 train_acc=90.19% val_acc=70.17% best=70.54% lr=0.000467435 time=30.8s avg_epoch=30.9s est_300=2h 34m 33s elapsed=34m 35s
[KD][068/300] loss=0.8258 ce=1.6610 kd=0.7330 train_acc=90.01% val_acc=70.74% best=70.74% lr=0.000466037 time=30.9s avg_epoch=30.9s est_300=2h 34m 32s elapsed=35m 06s saved_best
[KD][069/300] loss=0.8219 ce=1.6579 kd=0.7290 train_acc=90.11% val_acc=70.52% best=70.74% lr=0.000464612 time=31.1s avg_epoch=30.9s est_300=2h 34m 33s elapsed=35m 38s
[KD][070/300] loss=0.8115 ce=1.6536 kd=0.7180 train_acc=90.40% val_acc=70.14% best=70.74% lr=0.00046316 time=31.2s avg_epoch=30.9s est_300=2h 34m 34s elapsed=36m 09s
[KD][071/300] loss=0.8043 ce=1.6522 kd=0.7101 train_acc=90.43% val_acc=70.24% best=70.74% lr=0.000461681 time=31.4s avg_epoch=30.9s est_300=2h 34m 36s elapsed=36m 40s
[KD][072/300] loss=0.8032 ce=1.6505 kd=0.7090 train_acc=90.55% val_acc=70.10% best=70.74% lr=0.000460175 time=31.1s avg_epoch=30.9s est_300=2h 34m 37s elapsed=37m 11s
[KD][073/300] loss=0.7966 ce=1.6488 kd=0.7019 train_acc=90.68% val_acc=70.51% best=70.74% lr=0.000458643 time=30.9s avg_epoch=30.9s est_300=2h 34m 37s elapsed=37m 42s
[KD][074/300] loss=0.7869 ce=1.6463 kd=0.6914 train_acc=90.69% val_acc=70.89% best=70.89% lr=0.000457085 time=31.8s avg_epoch=30.9s est_300=2h 34m 40s elapsed=38m 14s saved_best
[KD][075/300] loss=0.7843 ce=1.6441 kd=0.6887 train_acc=90.97% val_acc=70.68% best=70.89% lr=0.000455501 time=31.4s avg_epoch=30.9s est_300=2h 34m 42s elapsed=38m 46s
[KD][076/300] loss=0.7806 ce=1.6439 kd=0.6847 train_acc=91.00% val_acc=70.56% best=70.89% lr=0.00045389 time=31.0s avg_epoch=30.9s est_300=2h 34m 42s elapsed=39m 17s
[KD][077/300] loss=0.7708 ce=1.6378 kd=0.6744 train_acc=91.25% val_acc=70.80% best=70.89% lr=0.000452254 time=31.3s avg_epoch=30.9s est_300=2h 34m 44s elapsed=39m 48s
[KD][078/300] loss=0.7679 ce=1.6387 kd=0.6711 train_acc=91.24% val_acc=70.76% best=70.89% lr=0.000450593 time=30.9s avg_epoch=30.9s est_300=2h 34m 44s elapsed=40m 19s
[KD][079/300] loss=0.7638 ce=1.6353 kd=0.6670 train_acc=91.36% val_acc=71.04% best=71.04% lr=0.000448906 time=31.3s avg_epoch=30.9s est_300=2h 34m 45s elapsed=40m 50s saved_best
[KD][080/300] loss=0.7618 ce=1.6359 kd=0.6646 train_acc=91.37% val_acc=70.86% best=71.04% lr=0.000447194 time=30.9s avg_epoch=30.9s est_300=2h 34m 45s elapsed=41m 21s
[KD][081/300] loss=0.7557 ce=1.6315 kd=0.6583 train_acc=91.65% val_acc=70.63% best=71.04% lr=0.000445458 time=30.8s avg_epoch=30.9s est_300=2h 34m 44s elapsed=41m 52s
[KD][082/300] loss=0.7470 ce=1.6318 kd=0.6487 train_acc=91.56% val_acc=70.56% best=71.04% lr=0.000443697 time=30.6s avg_epoch=30.9s est_300=2h 34m 43s elapsed=42m 23s
[KD][083/300] loss=0.7490 ce=1.6313 kd=0.6510 train_acc=91.51% val_acc=70.47% best=71.04% lr=0.000441911 time=30.8s avg_epoch=30.9s est_300=2h 34m 43s elapsed=42m 54s
[KD][084/300] loss=0.7397 ce=1.6278 kd=0.6410 train_acc=91.80% val_acc=71.29% best=71.29% lr=0.000440101 time=30.9s avg_epoch=30.9s est_300=2h 34m 43s elapsed=43m 25s saved_best
[KD][085/300] loss=0.7352 ce=1.6264 kd=0.6362 train_acc=91.92% val_acc=71.16% best=71.29% lr=0.000438268 time=31.1s avg_epoch=30.9s est_300=2h 34m 43s elapsed=43m 56s
[KD][086/300] loss=0.7354 ce=1.6265 kd=0.6364 train_acc=91.87% val_acc=70.46% best=71.29% lr=0.000436411 time=31.0s avg_epoch=30.9s est_300=2h 34m 43s elapsed=44m 27s
[KD][087/300] loss=0.7265 ce=1.6244 kd=0.6267 train_acc=92.05% val_acc=70.87% best=71.29% lr=0.00043453 time=31.1s avg_epoch=30.9s est_300=2h 34m 44s elapsed=44m 58s
[KD][088/300] loss=0.7216 ce=1.6225 kd=0.6215 train_acc=92.31% val_acc=70.99% best=71.29% lr=0.000432626 time=30.8s avg_epoch=30.9s est_300=2h 34m 44s elapsed=45m 29s
[KD][089/300] loss=0.7238 ce=1.6243 kd=0.6238 train_acc=92.17% val_acc=71.08% best=71.29% lr=0.000430699 time=31.2s avg_epoch=30.9s est_300=2h 34m 45s elapsed=46m 00s
[KD][090/300] loss=0.7144 ce=1.6199 kd=0.6138 train_acc=92.45% val_acc=70.86% best=71.29% lr=0.000428749 time=30.8s avg_epoch=30.9s est_300=2h 34m 44s elapsed=46m 31s
[KD][091/300] loss=0.7127 ce=1.6196 kd=0.6119 train_acc=92.33% val_acc=70.90% best=71.29% lr=0.000426777 time=30.7s avg_epoch=30.9s est_300=2h 34m 43s elapsed=47m 02s
[KD][092/300] loss=0.7055 ce=1.6153 kd=0.6044 train_acc=92.45% val_acc=70.96% best=71.29% lr=0.000424782 time=30.9s avg_epoch=30.9s est_300=2h 34m 43s elapsed=47m 33s
[KD][093/300] loss=0.7030 ce=1.6173 kd=0.6014 train_acc=92.47% val_acc=71.11% best=71.29% lr=0.000422766 time=30.8s avg_epoch=30.9s est_300=2h 34m 43s elapsed=48m 04s
[KD][094/300] loss=0.7021 ce=1.6140 kd=0.6008 train_acc=92.68% val_acc=71.37% best=71.37% lr=0.000420727 time=30.7s avg_epoch=30.9s est_300=2h 34m 42s elapsed=48m 34s saved_best
[KD][095/300] loss=0.6964 ce=1.6140 kd=0.5944 train_acc=92.58% val_acc=70.85% best=71.37% lr=0.000418668 time=30.6s avg_epoch=30.9s est_300=2h 34m 41s elapsed=49m 05s
[KD][096/300] loss=0.6932 ce=1.6118 kd=0.5911 train_acc=92.84% val_acc=71.01% best=71.37% lr=0.000416587 time=30.5s avg_epoch=30.9s est_300=2h 34m 39s elapsed=49m 36s
[KD][097/300] loss=0.6884 ce=1.6142 kd=0.5855 train_acc=92.67% val_acc=71.27% best=71.37% lr=0.000414485 time=30.8s avg_epoch=30.9s est_300=2h 34m 39s elapsed=50m 06s
[KD][098/300] loss=0.6878 ce=1.6126 kd=0.5851 train_acc=92.78% val_acc=71.27% best=71.37% lr=0.000412362 time=30.7s avg_epoch=30.9s est_300=2h 34m 38s elapsed=50m 37s
[KD][099/300] loss=0.6799 ce=1.6086 kd=0.5768 train_acc=93.06% val_acc=71.08% best=71.37% lr=0.000410219 time=30.6s avg_epoch=30.9s est_300=2h 34m 37s elapsed=51m 08s
[KD][100/300] loss=0.6757 ce=1.6081 kd=0.5721 train_acc=92.98% val_acc=71.29% best=71.37% lr=0.000408056 time=31.0s avg_epoch=30.9s est_300=2h 34m 37s elapsed=51m 39s
[KD][101/300] loss=0.6774 ce=1.6077 kd=0.5740 train_acc=93.04% val_acc=70.39% best=71.37% lr=0.000405872 time=31.5s avg_epoch=30.9s est_300=2h 34m 39s elapsed=52m 10s
[KD][102/300] loss=0.6722 ce=1.6072 kd=0.5683 train_acc=93.19% val_acc=71.01% best=71.37% lr=0.00040367 time=31.1s avg_epoch=30.9s est_300=2h 34m 39s elapsed=52m 41s
[KD][103/300] loss=0.6673 ce=1.6059 kd=0.5630 train_acc=93.10% val_acc=71.12% best=71.37% lr=0.000401448 time=31.1s avg_epoch=30.9s est_300=2h 34m 40s elapsed=53m 13s
[KD][104/300] loss=0.6639 ce=1.6036 kd=0.5594 train_acc=93.29% val_acc=70.95% best=71.37% lr=0.000399206 time=30.7s avg_epoch=30.9s est_300=2h 34m 39s elapsed=53m 43s
[KD][105/300] loss=0.6647 ce=1.6043 kd=0.5603 train_acc=93.22% val_acc=71.41% best=71.41% lr=0.000396946 time=30.9s avg_epoch=30.9s est_300=2h 34m 39s elapsed=54m 14s saved_best
[KD][106/300] loss=0.6610 ce=1.6035 kd=0.5562 train_acc=93.28% val_acc=71.21% best=71.41% lr=0.000394668 time=31.5s avg_epoch=30.9s est_300=2h 34m 41s elapsed=54m 46s
[KD][107/300] loss=0.6546 ce=1.6021 kd=0.5494 train_acc=93.46% val_acc=71.76% best=71.76% lr=0.000392371 time=30.9s avg_epoch=30.9s est_300=2h 34m 41s elapsed=55m 17s saved_best
[KD][108/300] loss=0.6544 ce=1.6023 kd=0.5491 train_acc=93.34% val_acc=71.47% best=71.76% lr=0.000390056 time=31.3s avg_epoch=30.9s est_300=2h 34m 42s elapsed=55m 48s
[KD][109/300] loss=0.6498 ce=1.6023 kd=0.5440 train_acc=93.37% val_acc=71.37% best=71.76% lr=0.000387724 time=31.2s avg_epoch=30.9s est_300=2h 34m 43s elapsed=56m 20s
[KD][110/300] loss=0.6475 ce=1.6001 kd=0.5417 train_acc=93.44% val_acc=71.00% best=71.76% lr=0.000385375 time=31.0s avg_epoch=30.9s est_300=2h 34m 43s elapsed=56m 51s
[KD][111/300] loss=0.6455 ce=1.5980 kd=0.5397 train_acc=93.56% val_acc=70.90% best=71.76% lr=0.000383008 time=31.2s avg_epoch=30.9s est_300=2h 34m 44s elapsed=57m 22s
[KD][112/300] loss=0.6445 ce=1.5984 kd=0.5385 train_acc=93.72% val_acc=71.51% best=71.76% lr=0.000380625 time=30.8s avg_epoch=30.9s est_300=2h 34m 43s elapsed=57m 53s
[KD][113/300] loss=0.6368 ce=1.5959 kd=0.5303 train_acc=93.76% val_acc=71.37% best=71.76% lr=0.000378225 time=30.7s avg_epoch=30.9s est_300=2h 34m 42s elapsed=58m 23s
[KD][114/300] loss=0.6382 ce=1.5958 kd=0.5318 train_acc=93.83% val_acc=71.10% best=71.76% lr=0.000375809 time=30.6s avg_epoch=30.9s est_300=2h 34m 42s elapsed=58m 54s
[KD][115/300] loss=0.6340 ce=1.5970 kd=0.5270 train_acc=93.61% val_acc=71.53% best=71.76% lr=0.000373377 time=31.0s avg_epoch=30.9s est_300=2h 34m 42s elapsed=59m 25s
[KD][116/300] loss=0.6279 ce=1.5937 kd=0.5206 train_acc=93.77% val_acc=71.46% best=71.76% lr=0.00037093 time=30.8s avg_epoch=30.9s est_300=2h 34m 41s elapsed=59m 56s
[KD][117/300] loss=0.6276 ce=1.5934 kd=0.5203 train_acc=94.02% val_acc=71.35% best=71.76% lr=0.000368467 time=30.7s avg_epoch=30.9s est_300=2h 34m 41s elapsed=1h 00m 27s
[KD][118/300] loss=0.6222 ce=1.5910 kd=0.5146 train_acc=94.06% val_acc=71.39% best=71.76% lr=0.00036599 time=30.8s avg_epoch=30.9s est_300=2h 34m 40s elapsed=1h 00m 58s
[KD][119/300] loss=0.6223 ce=1.5933 kd=0.5144 train_acc=93.93% val_acc=71.51% best=71.76% lr=0.000363498 time=30.8s avg_epoch=30.9s est_300=2h 34m 40s elapsed=1h 01m 28s
[KD][120/300] loss=0.6222 ce=1.5920 kd=0.5144 train_acc=94.00% val_acc=71.30% best=71.76% lr=0.000360991 time=30.9s avg_epoch=30.9s est_300=2h 34m 40s elapsed=1h 01m 59s
[KD][121/300] loss=0.6165 ce=1.5916 kd=0.5082 train_acc=93.99% val_acc=71.19% best=71.76% lr=0.000358471 time=30.9s avg_epoch=30.9s est_300=2h 34m 40s elapsed=1h 02m 30s
[KD][122/300] loss=0.6131 ce=1.5913 kd=0.5044 train_acc=94.01% val_acc=71.03% best=71.76% lr=0.000355937 time=30.7s avg_epoch=30.9s est_300=2h 34m 39s elapsed=1h 03m 01s
[KD][123/300] loss=0.6124 ce=1.5891 kd=0.5038 train_acc=94.14% val_acc=71.57% best=71.76% lr=0.00035339 time=30.7s avg_epoch=30.9s est_300=2h 34m 39s elapsed=1h 03m 32s
[KD][124/300] loss=0.6083 ce=1.5874 kd=0.4995 train_acc=94.28% val_acc=71.45% best=71.76% lr=0.000350829 time=30.6s avg_epoch=30.9s est_300=2h 34m 38s elapsed=1h 04m 02s
[KD][125/300] loss=0.6071 ce=1.5888 kd=0.4980 train_acc=94.24% val_acc=71.31% best=71.76% lr=0.000348256 time=30.7s avg_epoch=30.9s est_300=2h 34m 38s elapsed=1h 04m 33s
[KD][126/300] loss=0.6028 ce=1.5883 kd=0.4933 train_acc=94.19% val_acc=71.43% best=71.76% lr=0.000345671 time=31.0s avg_epoch=30.9s est_300=2h 34m 38s elapsed=1h 05m 04s
[KD][127/300] loss=0.6002 ce=1.5848 kd=0.4908 train_acc=94.41% val_acc=71.20% best=71.76% lr=0.000343073 time=30.6s avg_epoch=30.9s est_300=2h 34m 37s elapsed=1h 05m 35s
[KD][128/300] loss=0.5977 ce=1.5848 kd=0.4880 train_acc=94.40% val_acc=71.75% best=71.76% lr=0.000340464 time=30.7s avg_epoch=30.9s est_300=2h 34m 36s elapsed=1h 06m 06s
[KD][129/300] loss=0.5952 ce=1.5856 kd=0.4851 train_acc=94.43% val_acc=71.84% best=71.84% lr=0.000337844 time=30.7s avg_epoch=30.9s est_300=2h 34m 36s elapsed=1h 06m 36s saved_best
[KD][130/300] loss=0.5959 ce=1.5852 kd=0.4859 train_acc=94.40% val_acc=71.38% best=71.84% lr=0.000335212 time=30.7s avg_epoch=30.9s est_300=2h 34m 35s elapsed=1h 07m 07s
[KD][131/300] loss=0.5913 ce=1.5831 kd=0.4811 train_acc=94.57% val_acc=71.71% best=71.84% lr=0.00033257 time=30.9s avg_epoch=30.9s est_300=2h 34m 35s elapsed=1h 07m 38s
[KD][132/300] loss=0.5908 ce=1.5846 kd=0.4804 train_acc=94.44% val_acc=71.50% best=71.84% lr=0.000329917 time=30.7s avg_epoch=30.9s est_300=2h 34m 35s elapsed=1h 08m 09s
[KD][133/300] loss=0.5869 ce=1.5839 kd=0.4761 train_acc=94.54% val_acc=71.37% best=71.84% lr=0.000327254 time=30.8s avg_epoch=30.9s est_300=2h 34m 34s elapsed=1h 08m 40s
[KD][134/300] loss=0.5839 ce=1.5824 kd=0.4729 train_acc=94.54% val_acc=71.67% best=71.84% lr=0.000324582 time=30.8s avg_epoch=30.9s est_300=2h 34m 34s elapsed=1h 09m 10s
[KD][135/300] loss=0.5821 ce=1.5815 kd=0.4710 train_acc=94.66% val_acc=71.77% best=71.84% lr=0.0003219 time=30.8s avg_epoch=30.9s est_300=2h 34m 34s elapsed=1h 09m 41s
[KD][136/300] loss=0.5799 ce=1.5831 kd=0.4685 train_acc=94.57% val_acc=71.50% best=71.84% lr=0.000319209 time=30.7s avg_epoch=30.9s est_300=2h 34m 33s elapsed=1h 10m 12s
[KD][137/300] loss=0.5757 ce=1.5800 kd=0.4641 train_acc=94.78% val_acc=71.85% best=71.85% lr=0.000316509 time=30.6s avg_epoch=30.9s est_300=2h 34m 33s elapsed=1h 10m 43s saved_best
[KD][138/300] loss=0.5732 ce=1.5802 kd=0.4613 train_acc=94.78% val_acc=71.57% best=71.85% lr=0.000313801 time=30.8s avg_epoch=30.9s est_300=2h 34m 32s elapsed=1h 11m 14s
[KD][139/300] loss=0.5710 ce=1.5804 kd=0.4588 train_acc=94.79% val_acc=71.60% best=71.85% lr=0.000311085 time=30.8s avg_epoch=30.9s est_300=2h 34m 32s elapsed=1h 11m 44s
[KD][140/300] loss=0.5713 ce=1.5789 kd=0.4594 train_acc=94.90% val_acc=71.46% best=71.85% lr=0.000308361 time=30.7s avg_epoch=30.9s est_300=2h 34m 32s elapsed=1h 12m 15s
[KD][141/300] loss=0.5701 ce=1.5781 kd=0.4581 train_acc=94.86% val_acc=71.45% best=71.85% lr=0.00030563 time=31.0s avg_epoch=30.9s est_300=2h 34m 32s elapsed=1h 12m 46s
[KD][142/300] loss=0.5660 ce=1.5782 kd=0.4536 train_acc=95.03% val_acc=71.80% best=71.85% lr=0.000302892 time=30.6s avg_epoch=30.9s est_300=2h 34m 31s elapsed=1h 13m 17s
[KD][143/300] loss=0.5626 ce=1.5774 kd=0.4498 train_acc=94.90% val_acc=71.93% best=71.93% lr=0.000300147 time=30.8s avg_epoch=30.9s est_300=2h 34m 31s elapsed=1h 13m 48s saved_best
[KD][144/300] loss=0.5637 ce=1.5779 kd=0.4510 train_acc=94.76% val_acc=71.75% best=71.93% lr=0.000297396 time=31.0s avg_epoch=30.9s est_300=2h 34m 31s elapsed=1h 14m 19s
[KD][145/300] loss=0.5591 ce=1.5761 kd=0.4461 train_acc=95.02% val_acc=72.03% best=72.03% lr=0.000294639 time=30.6s avg_epoch=30.9s est_300=2h 34m 31s elapsed=1h 14m 49s saved_best
[KD][146/300] loss=0.5561 ce=1.5739 kd=0.4430 train_acc=95.29% val_acc=71.85% best=72.03% lr=0.000291877 time=30.7s avg_epoch=30.9s est_300=2h 34m 30s elapsed=1h 15m 20s
[KD][147/300] loss=0.5549 ce=1.5761 kd=0.4415 train_acc=95.01% val_acc=71.56% best=72.03% lr=0.000289109 time=31.2s avg_epoch=30.9s est_300=2h 34m 31s elapsed=1h 15m 51s
[KD][148/300] loss=0.5507 ce=1.5745 kd=0.4369 train_acc=95.05% val_acc=71.59% best=72.03% lr=0.000286336 time=30.7s avg_epoch=30.9s est_300=2h 34m 30s elapsed=1h 16m 22s
[KD][149/300] loss=0.5517 ce=1.5760 kd=0.4379 train_acc=95.05% val_acc=71.38% best=72.03% lr=0.000283558 time=30.6s avg_epoch=30.9s est_300=2h 34m 30s elapsed=1h 16m 53s
[KD][150/300] loss=0.5475 ce=1.5735 kd=0.4335 train_acc=95.26% val_acc=71.65% best=72.03% lr=0.000280777 time=30.8s avg_epoch=30.9s est_300=2h 34m 29s elapsed=1h 17m 24s
[KD][151/300] loss=0.5465 ce=1.5736 kd=0.4323 train_acc=95.31% val_acc=71.59% best=72.03% lr=0.000277991 time=30.6s avg_epoch=30.9s est_300=2h 34m 29s elapsed=1h 17m 54s
[KD][152/300] loss=0.5436 ce=1.5717 kd=0.4294 train_acc=95.26% val_acc=71.57% best=72.03% lr=0.000275202 time=30.8s avg_epoch=30.9s est_300=2h 34m 29s elapsed=1h 18m 25s
[KD][153/300] loss=0.5415 ce=1.5723 kd=0.4270 train_acc=95.26% val_acc=71.92% best=72.03% lr=0.00027241 time=30.9s avg_epoch=30.9s est_300=2h 34m 28s elapsed=1h 18m 56s
[KD][154/300] loss=0.5413 ce=1.5720 kd=0.4267 train_acc=95.29% val_acc=71.71% best=72.03% lr=0.000269615 time=31.3s avg_epoch=30.9s est_300=2h 34m 29s elapsed=1h 19m 27s
[KD][155/300] loss=0.5381 ce=1.5712 kd=0.4234 train_acc=95.37% val_acc=71.72% best=72.03% lr=0.000266817 time=30.6s avg_epoch=30.9s est_300=2h 34m 29s elapsed=1h 19m 58s
[KD][156/300] loss=0.5349 ce=1.5703 kd=0.4199 train_acc=95.47% val_acc=72.20% best=72.20% lr=0.000264018 time=30.9s avg_epoch=30.9s est_300=2h 34m 29s elapsed=1h 20m 29s saved_best
[KD][157/300] loss=0.5332 ce=1.5687 kd=0.4182 train_acc=95.55% val_acc=71.81% best=72.20% lr=0.000261216 time=31.2s avg_epoch=30.9s est_300=2h 34m 29s elapsed=1h 21m 00s
[KD][158/300] loss=0.5315 ce=1.5694 kd=0.4162 train_acc=95.46% val_acc=71.61% best=72.20% lr=0.000258413 time=31.1s avg_epoch=30.9s est_300=2h 34m 30s elapsed=1h 21m 31s
[KD][159/300] loss=0.5284 ce=1.5704 kd=0.4126 train_acc=95.39% val_acc=71.49% best=72.20% lr=0.00025561 time=30.9s avg_epoch=30.9s est_300=2h 34m 30s elapsed=1h 22m 02s
[KD][160/300] loss=0.5298 ce=1.5686 kd=0.4143 train_acc=95.59% val_acc=71.51% best=72.20% lr=0.000252805 time=30.7s avg_epoch=30.9s est_300=2h 34m 29s elapsed=1h 22m 33s
[KD][161/300] loss=0.5252 ce=1.5700 kd=0.4091 train_acc=95.54% val_acc=71.65% best=72.20% lr=0.00025 time=30.5s avg_epoch=30.9s est_300=2h 34m 28s elapsed=1h 23m 04s
[KD][162/300] loss=0.5242 ce=1.5684 kd=0.4082 train_acc=95.47% val_acc=71.75% best=72.20% lr=0.000247195 time=31.1s avg_epoch=30.9s est_300=2h 34m 29s elapsed=1h 23m 35s
[KD][163/300] loss=0.5204 ce=1.5678 kd=0.4040 train_acc=95.55% val_acc=71.78% best=72.20% lr=0.00024439 time=31.6s avg_epoch=30.9s est_300=2h 34m 30s elapsed=1h 24m 06s
[KD][164/300] loss=0.5204 ce=1.5682 kd=0.4040 train_acc=95.56% val_acc=71.39% best=72.20% lr=0.000241587 time=30.8s avg_epoch=30.9s est_300=2h 34m 30s elapsed=1h 24m 37s
[KD][165/300] loss=0.5187 ce=1.5672 kd=0.4022 train_acc=95.69% val_acc=71.72% best=72.20% lr=0.000238784 time=30.8s avg_epoch=30.9s est_300=2h 34m 30s elapsed=1h 25m 08s
[KD][166/300] loss=0.5164 ce=1.5656 kd=0.3998 train_acc=95.63% val_acc=71.70% best=72.20% lr=0.000235982 time=31.4s avg_epoch=30.9s est_300=2h 34m 31s elapsed=1h 25m 39s
[KD][167/300] loss=0.5133 ce=1.5661 kd=0.3963 train_acc=95.66% val_acc=71.41% best=72.20% lr=0.000233183 time=30.7s avg_epoch=30.9s est_300=2h 34m 30s elapsed=1h 26m 10s
[KD][168/300] loss=0.5128 ce=1.5658 kd=0.3958 train_acc=95.73% val_acc=71.85% best=72.20% lr=0.000230385 time=31.0s avg_epoch=30.9s est_300=2h 34m 30s elapsed=1h 26m 41s
[KD][169/300] loss=0.5095 ce=1.5653 kd=0.3922 train_acc=95.77% val_acc=71.65% best=72.20% lr=0.00022759 time=30.9s avg_epoch=30.9s est_300=2h 34m 30s elapsed=1h 27m 12s
[KD][170/300] loss=0.5078 ce=1.5661 kd=0.3902 train_acc=95.76% val_acc=71.58% best=72.20% lr=0.000224798 time=31.1s avg_epoch=30.9s est_300=2h 34m 31s elapsed=1h 27m 43s
[KD][171/300] loss=0.5050 ce=1.5640 kd=0.3874 train_acc=95.86% val_acc=71.84% best=72.20% lr=0.000222009 time=30.8s avg_epoch=30.9s est_300=2h 34m 31s elapsed=1h 28m 14s
[KD][172/300] loss=0.5045 ce=1.5640 kd=0.3868 train_acc=95.88% val_acc=71.62% best=72.20% lr=0.000219223 time=30.9s avg_epoch=30.9s est_300=2h 34m 30s elapsed=1h 28m 45s
[KD][173/300] loss=0.5005 ce=1.5625 kd=0.3825 train_acc=95.88% val_acc=71.79% best=72.20% lr=0.000216442 time=30.7s avg_epoch=30.9s est_300=2h 34m 30s elapsed=1h 29m 16s
[KD][174/300] loss=0.4997 ce=1.5636 kd=0.3815 train_acc=95.98% val_acc=71.65% best=72.20% lr=0.000213664 time=30.9s avg_epoch=30.9s est_300=2h 34m 30s elapsed=1h 29m 47s
[KD][175/300] loss=0.4985 ce=1.5636 kd=0.3802 train_acc=95.86% val_acc=71.65% best=72.20% lr=0.000210891 time=30.9s avg_epoch=30.9s est_300=2h 34m 30s elapsed=1h 30m 18s
[KD][176/300] loss=0.4971 ce=1.5623 kd=0.3787 train_acc=95.97% val_acc=71.69% best=72.20% lr=0.000208123 time=31.2s avg_epoch=30.9s est_300=2h 34m 31s elapsed=1h 30m 49s
[KD][177/300] loss=0.4953 ce=1.5634 kd=0.3767 train_acc=95.95% val_acc=71.45% best=72.20% lr=0.000205361 time=30.8s avg_epoch=30.9s est_300=2h 34m 30s elapsed=1h 31m 20s
[KD][178/300] loss=0.4931 ce=1.5631 kd=0.3742 train_acc=95.91% val_acc=71.87% best=72.20% lr=0.000202604 time=30.8s avg_epoch=30.9s est_300=2h 34m 30s elapsed=1h 31m 51s
[KD][179/300] loss=0.4907 ce=1.5608 kd=0.3718 train_acc=95.98% val_acc=71.63% best=72.20% lr=0.000199853 time=31.2s avg_epoch=30.9s est_300=2h 34m 31s elapsed=1h 32m 22s
[KD][180/300] loss=0.4894 ce=1.5600 kd=0.3704 train_acc=96.08% val_acc=71.93% best=72.20% lr=0.000197108 time=31.7s avg_epoch=30.9s est_300=2h 34m 32s elapsed=1h 32m 54s
[KD][181/300] loss=0.4866 ce=1.5597 kd=0.3673 train_acc=96.06% val_acc=71.86% best=72.20% lr=0.00019437 time=31.2s avg_epoch=30.9s est_300=2h 34m 33s elapsed=1h 33m 25s
[KD][182/300] loss=0.4865 ce=1.5590 kd=0.3673 train_acc=96.15% val_acc=71.95% best=72.20% lr=0.000191639 time=30.9s avg_epoch=30.9s est_300=2h 34m 33s elapsed=1h 33m 56s
[KD][183/300] loss=0.4834 ce=1.5591 kd=0.3638 train_acc=96.24% val_acc=71.58% best=72.20% lr=0.000188915 time=31.3s avg_epoch=30.9s est_300=2h 34m 33s elapsed=1h 34m 27s
[KD][184/300] loss=0.4824 ce=1.5598 kd=0.3627 train_acc=96.11% val_acc=71.86% best=72.20% lr=0.000186199 time=31.1s avg_epoch=30.9s est_300=2h 34m 33s elapsed=1h 34m 58s
[KD][185/300] loss=0.4800 ce=1.5591 kd=0.3601 train_acc=96.12% val_acc=72.22% best=72.22% lr=0.000183491 time=30.6s avg_epoch=30.9s est_300=2h 34m 33s elapsed=1h 35m 29s saved_best
[KD][186/300] loss=0.4776 ce=1.5590 kd=0.3574 train_acc=96.16% val_acc=71.82% best=72.22% lr=0.000180791 time=31.5s avg_epoch=30.9s est_300=2h 34m 34s elapsed=1h 36m 01s
[KD][187/300] loss=0.4775 ce=1.5586 kd=0.3574 train_acc=96.25% val_acc=72.18% best=72.22% lr=0.0001781 time=31.1s avg_epoch=30.9s est_300=2h 34m 34s elapsed=1h 36m 32s
[KD][188/300] loss=0.4761 ce=1.5564 kd=0.3561 train_acc=96.34% val_acc=71.96% best=72.22% lr=0.000175418 time=31.3s avg_epoch=30.9s est_300=2h 34m 35s elapsed=1h 37m 03s
[KD][189/300] loss=0.4733 ce=1.5584 kd=0.3527 train_acc=96.16% val_acc=72.13% best=72.22% lr=0.000172746 time=31.3s avg_epoch=30.9s est_300=2h 34m 36s elapsed=1h 37m 34s
[KD][190/300] loss=0.4722 ce=1.5586 kd=0.3515 train_acc=96.28% val_acc=72.01% best=72.22% lr=0.000170083 time=30.9s avg_epoch=30.9s est_300=2h 34m 36s elapsed=1h 38m 05s
[KD][191/300] loss=0.4704 ce=1.5574 kd=0.3497 train_acc=96.25% val_acc=71.77% best=72.22% lr=0.00016743 time=31.3s avg_epoch=30.9s est_300=2h 34m 36s elapsed=1h 38m 37s
[KD][192/300] loss=0.4702 ce=1.5565 kd=0.3495 train_acc=96.37% val_acc=72.08% best=72.22% lr=0.000164788 time=31.6s avg_epoch=30.9s est_300=2h 34m 37s elapsed=1h 39m 08s
[KD][193/300] loss=0.4667 ce=1.5566 kd=0.3456 train_acc=96.30% val_acc=71.66% best=72.22% lr=0.000162156 time=31.3s avg_epoch=30.9s est_300=2h 34m 38s elapsed=1h 39m 40s
[KD][194/300] loss=0.4649 ce=1.5546 kd=0.3438 train_acc=96.44% val_acc=71.50% best=72.22% lr=0.000159536 time=31.6s avg_epoch=30.9s est_300=2h 34m 39s elapsed=1h 40m 11s
[KD][195/300] loss=0.4632 ce=1.5550 kd=0.3419 train_acc=96.45% val_acc=71.75% best=72.22% lr=0.000156927 time=31.7s avg_epoch=30.9s est_300=2h 34m 40s elapsed=1h 40m 43s
[KD][196/300] loss=0.4625 ce=1.5555 kd=0.3411 train_acc=96.45% val_acc=71.57% best=72.22% lr=0.000154329 time=31.6s avg_epoch=30.9s est_300=2h 34m 41s elapsed=1h 41m 15s
[KD][197/300] loss=0.4610 ce=1.5550 kd=0.3395 train_acc=96.50% val_acc=71.74% best=72.22% lr=0.000151744 time=32.2s avg_epoch=30.9s est_300=2h 34m 43s elapsed=1h 41m 47s
[KD][198/300] loss=0.4594 ce=1.5553 kd=0.3376 train_acc=96.46% val_acc=71.83% best=72.22% lr=0.000149171 time=32.0s avg_epoch=30.9s est_300=2h 34m 44s elapsed=1h 42m 19s
[KD][199/300] loss=0.4573 ce=1.5561 kd=0.3352 train_acc=96.42% val_acc=71.97% best=72.22% lr=0.00014661 time=31.5s avg_epoch=31.0s est_300=2h 34m 45s elapsed=1h 42m 50s
[KD][200/300] loss=0.4557 ce=1.5527 kd=0.3338 train_acc=96.66% val_acc=71.67% best=72.22% lr=0.000144063 time=31.0s avg_epoch=31.0s est_300=2h 34m 45s elapsed=1h 43m 21s
[KD][201/300] loss=0.4540 ce=1.5546 kd=0.3317 train_acc=96.50% val_acc=71.38% best=72.22% lr=0.000141529 time=31.2s avg_epoch=31.0s est_300=2h 34m 46s elapsed=1h 43m 53s
[KD][202/300] loss=0.4520 ce=1.5541 kd=0.3295 train_acc=96.48% val_acc=71.79% best=72.22% lr=0.000139009 time=31.3s avg_epoch=31.0s est_300=2h 34m 46s elapsed=1h 44m 24s
[KD][203/300] loss=0.4509 ce=1.5541 kd=0.3283 train_acc=96.49% val_acc=71.75% best=72.22% lr=0.000136502 time=31.5s avg_epoch=31.0s est_300=2h 34m 47s elapsed=1h 44m 56s
[KD][204/300] loss=0.4479 ce=1.5514 kd=0.3253 train_acc=96.63% val_acc=71.77% best=72.22% lr=0.00013401 time=31.3s avg_epoch=31.0s est_300=2h 34m 47s elapsed=1h 45m 27s
[KD][205/300] loss=0.4477 ce=1.5518 kd=0.3250 train_acc=96.53% val_acc=71.98% best=72.22% lr=0.000131533 time=31.6s avg_epoch=31.0s est_300=2h 34m 48s elapsed=1h 45m 59s
[KD][206/300] loss=0.4457 ce=1.5535 kd=0.3226 train_acc=96.68% val_acc=72.06% best=72.22% lr=0.00012907 time=31.7s avg_epoch=31.0s est_300=2h 34m 49s elapsed=1h 46m 30s
[KD][207/300] loss=0.4452 ce=1.5532 kd=0.3221 train_acc=96.63% val_acc=71.99% best=72.22% lr=0.000126623 time=31.8s avg_epoch=31.0s est_300=2h 34m 51s elapsed=1h 47m 02s
[KD][208/300] loss=0.4435 ce=1.5516 kd=0.3204 train_acc=96.56% val_acc=71.74% best=72.22% lr=0.000124191 time=31.6s avg_epoch=31.0s est_300=2h 34m 52s elapsed=1h 47m 34s
[KD][209/300] loss=0.4424 ce=1.5528 kd=0.3190 train_acc=96.63% val_acc=71.61% best=72.22% lr=0.000121775 time=31.4s avg_epoch=31.0s est_300=2h 34m 52s elapsed=1h 48m 05s
[KD][210/300] loss=0.4403 ce=1.5505 kd=0.3170 train_acc=96.67% val_acc=71.84% best=72.22% lr=0.000119375 time=31.5s avg_epoch=31.0s est_300=2h 34m 53s elapsed=1h 48m 37s
[KD][211/300] loss=0.4384 ce=1.5510 kd=0.3147 train_acc=96.75% val_acc=71.79% best=72.22% lr=0.000116992 time=31.8s avg_epoch=31.0s est_300=2h 34m 54s elapsed=1h 49m 09s
[KD][212/300] loss=0.4366 ce=1.5502 kd=0.3129 train_acc=96.78% val_acc=71.70% best=72.22% lr=0.000114625 time=31.5s avg_epoch=31.0s est_300=2h 34m 55s elapsed=1h 49m 40s
[KD][213/300] loss=0.4347 ce=1.5496 kd=0.3108 train_acc=96.74% val_acc=71.59% best=72.22% lr=0.000112276 time=31.5s avg_epoch=31.0s est_300=2h 34m 56s elapsed=1h 50m 12s
[KD][214/300] loss=0.4348 ce=1.5506 kd=0.3108 train_acc=96.88% val_acc=71.55% best=72.22% lr=0.000109944 time=32.1s avg_epoch=31.0s est_300=2h 34m 57s elapsed=1h 50m 44s
[KD][215/300] loss=0.4347 ce=1.5494 kd=0.3108 train_acc=96.75% val_acc=71.64% best=72.22% lr=0.000107629 time=32.1s avg_epoch=31.0s est_300=2h 34m 59s elapsed=1h 51m 16s
[KD][216/300] loss=0.4316 ce=1.5501 kd=0.3073 train_acc=96.82% val_acc=71.75% best=72.22% lr=0.000105332 time=32.3s avg_epoch=31.0s est_300=2h 35m 01s elapsed=1h 51m 49s
[KD][217/300] loss=0.4305 ce=1.5487 kd=0.3062 train_acc=96.77% val_acc=71.66% best=72.22% lr=0.000103054 time=32.1s avg_epoch=31.0s est_300=2h 35m 02s elapsed=1h 52m 21s
[KD][218/300] loss=0.4294 ce=1.5478 kd=0.3051 train_acc=96.94% val_acc=71.55% best=72.22% lr=0.000100794 time=31.9s avg_epoch=31.0s est_300=2h 35m 03s elapsed=1h 52m 53s
[KD][219/300] loss=0.4276 ce=1.5485 kd=0.3031 train_acc=96.80% val_acc=71.71% best=72.22% lr=9.85525e-05 time=32.4s avg_epoch=31.0s est_300=2h 35m 05s elapsed=1h 53m 25s
[KD][220/300] loss=0.4265 ce=1.5483 kd=0.3018 train_acc=96.91% val_acc=71.47% best=72.22% lr=9.63303e-05 time=32.2s avg_epoch=31.0s est_300=2h 35m 07s elapsed=1h 53m 57s
[KD][221/300] loss=0.4259 ce=1.5469 kd=0.3013 train_acc=96.93% val_acc=71.61% best=72.22% lr=9.41275e-05 time=31.9s avg_epoch=31.0s est_300=2h 35m 08s elapsed=1h 54m 29s
[KD][222/300] loss=0.4229 ce=1.5484 kd=0.2978 train_acc=96.88% val_acc=71.80% best=72.22% lr=9.19444e-05 time=32.3s avg_epoch=31.0s est_300=2h 35m 10s elapsed=1h 55m 02s
[KD][223/300] loss=0.4240 ce=1.5470 kd=0.2992 train_acc=96.87% val_acc=71.87% best=72.22% lr=8.97811e-05 time=32.0s avg_epoch=31.0s est_300=2h 35m 11s elapsed=1h 55m 34s
[KD][224/300] loss=0.4216 ce=1.5467 kd=0.2966 train_acc=96.97% val_acc=71.83% best=72.22% lr=8.7638e-05 time=31.9s avg_epoch=31.0s est_300=2h 35m 12s elapsed=1h 56m 06s
[KD][225/300] loss=0.4198 ce=1.5476 kd=0.2945 train_acc=96.91% val_acc=71.73% best=72.22% lr=8.55153e-05 time=31.9s avg_epoch=31.0s est_300=2h 35m 13s elapsed=1h 56m 38s
[KD][226/300] loss=0.4186 ce=1.5477 kd=0.2931 train_acc=96.99% val_acc=71.80% best=72.22% lr=8.34134e-05 time=32.0s avg_epoch=31.0s est_300=2h 35m 15s elapsed=1h 57m 10s
[KD][227/300] loss=0.4165 ce=1.5457 kd=0.2911 train_acc=96.97% val_acc=71.91% best=72.22% lr=8.13324e-05 time=32.1s avg_epoch=31.1s est_300=2h 35m 16s elapsed=1h 57m 42s
[KD][228/300] loss=0.4181 ce=1.5474 kd=0.2926 train_acc=96.95% val_acc=71.83% best=72.22% lr=7.92726e-05 time=32.2s avg_epoch=31.1s est_300=2h 35m 17s elapsed=1h 58m 14s
[KD][229/300] loss=0.4167 ce=1.5481 kd=0.2910 train_acc=96.97% val_acc=71.69% best=72.22% lr=7.72343e-05 time=32.2s avg_epoch=31.1s est_300=2h 35m 19s elapsed=1h 58m 46s
[KD][230/300] loss=0.4136 ce=1.5458 kd=0.2878 train_acc=97.00% val_acc=71.79% best=72.22% lr=7.52178e-05 time=31.8s avg_epoch=31.1s est_300=2h 35m 20s elapsed=1h 59m 18s
[KD][231/300] loss=0.4133 ce=1.5475 kd=0.2873 train_acc=96.94% val_acc=71.73% best=72.22% lr=7.32233e-05 time=32.8s avg_epoch=31.1s est_300=2h 35m 22s elapsed=1h 59m 51s
[KD][232/300] loss=0.4118 ce=1.5468 kd=0.2857 train_acc=97.04% val_acc=71.65% best=72.22% lr=7.1251e-05 time=33.1s avg_epoch=31.1s est_300=2h 35m 25s elapsed=2h 00m 24s
[KD][233/300] loss=0.4099 ce=1.5448 kd=0.2838 train_acc=97.11% val_acc=71.85% best=72.22% lr=6.93013e-05 time=33.5s avg_epoch=31.1s est_300=2h 35m 28s elapsed=2h 00m 57s
[KD][234/300] loss=0.4092 ce=1.5453 kd=0.2830 train_acc=97.02% val_acc=71.47% best=72.22% lr=6.73743e-05 time=34.9s avg_epoch=31.1s est_300=2h 35m 33s elapsed=2h 01m 32s
[KD][235/300] loss=0.4074 ce=1.5439 kd=0.2811 train_acc=97.17% val_acc=71.65% best=72.22% lr=6.54703e-05 time=34.2s avg_epoch=31.1s est_300=2h 35m 37s elapsed=2h 02m 07s
[KD][236/300] loss=0.4077 ce=1.5447 kd=0.2814 train_acc=97.08% val_acc=71.49% best=72.22% lr=6.35895e-05 time=33.2s avg_epoch=31.1s est_300=2h 35m 39s elapsed=2h 02m 40s
[KD][237/300] loss=0.4073 ce=1.5445 kd=0.2810 train_acc=97.14% val_acc=71.68% best=72.22% lr=6.17321e-05 time=32.9s avg_epoch=31.1s est_300=2h 35m 41s elapsed=2h 03m 13s
[KD][238/300] loss=0.4054 ce=1.5432 kd=0.2790 train_acc=97.26% val_acc=71.83% best=72.22% lr=5.98985e-05 time=32.9s avg_epoch=31.1s est_300=2h 35m 44s elapsed=2h 03m 46s
[KD][239/300] loss=0.4036 ce=1.5437 kd=0.2770 train_acc=97.21% val_acc=71.86% best=72.22% lr=5.80888e-05 time=32.4s avg_epoch=31.2s est_300=2h 35m 45s elapsed=2h 04m 18s
[KD][240/300] loss=0.4029 ce=1.5428 kd=0.2762 train_acc=97.28% val_acc=71.84% best=72.22% lr=5.63033e-05 time=34.4s avg_epoch=31.2s est_300=2h 35m 49s elapsed=2h 04m 53s
[KD][241/300] loss=0.4025 ce=1.5441 kd=0.2757 train_acc=97.18% val_acc=71.81% best=72.22% lr=5.45421e-05 time=33.1s avg_epoch=31.2s est_300=2h 35m 52s elapsed=2h 05m 26s
[KD][242/300] loss=0.4012 ce=1.5437 kd=0.2742 train_acc=97.17% val_acc=71.84% best=72.22% lr=5.28056e-05 time=33.1s avg_epoch=31.2s est_300=2h 35m 54s elapsed=2h 05m 59s
[KD][243/300] loss=0.4002 ce=1.5414 kd=0.2734 train_acc=97.32% val_acc=71.74% best=72.22% lr=5.10939e-05 time=33.1s avg_epoch=31.2s est_300=2h 35m 56s elapsed=2h 06m 32s
[KD][244/300] loss=0.3994 ce=1.5431 kd=0.2724 train_acc=97.22% val_acc=71.65% best=72.22% lr=4.94072e-05 time=32.3s avg_epoch=31.2s est_300=2h 35m 58s elapsed=2h 07m 05s
[KD][245/300] loss=0.3987 ce=1.5437 kd=0.2715 train_acc=97.17% val_acc=71.70% best=72.22% lr=4.77458e-05 time=32.1s avg_epoch=31.2s est_300=2h 35m 59s elapsed=2h 07m 37s
[KD][246/300] loss=0.3974 ce=1.5423 kd=0.2702 train_acc=97.29% val_acc=71.66% best=72.22% lr=4.61098e-05 time=32.2s avg_epoch=31.2s est_300=2h 36m 00s elapsed=2h 08m 09s
[KD][247/300] loss=0.3956 ce=1.5418 kd=0.2683 train_acc=97.24% val_acc=71.71% best=72.22% lr=4.44995e-05 time=32.1s avg_epoch=31.2s est_300=2h 36m 01s elapsed=2h 08m 41s
[KD][248/300] loss=0.3950 ce=1.5421 kd=0.2676 train_acc=97.26% val_acc=71.74% best=72.22% lr=4.2915e-05 time=32.1s avg_epoch=31.2s est_300=2h 36m 02s elapsed=2h 09m 13s
[KD][249/300] loss=0.3947 ce=1.5424 kd=0.2672 train_acc=97.24% val_acc=71.60% best=72.22% lr=4.13567e-05 time=32.8s avg_epoch=31.2s est_300=2h 36m 04s elapsed=2h 09m 46s
[KD][250/300] loss=0.3940 ce=1.5411 kd=0.2666 train_acc=97.33% val_acc=71.84% best=72.22% lr=3.98246e-05 time=32.7s avg_epoch=31.2s est_300=2h 36m 06s elapsed=2h 10m 19s
[KD][251/300] loss=0.3934 ce=1.5422 kd=0.2658 train_acc=97.28% val_acc=71.53% best=72.22% lr=3.8319e-05 time=33.3s avg_epoch=31.2s est_300=2h 36m 09s elapsed=2h 10m 52s
[KD][252/300] loss=0.3920 ce=1.5419 kd=0.2643 train_acc=97.22% val_acc=71.65% best=72.22% lr=3.684e-05 time=35.4s avg_epoch=31.2s est_300=2h 36m 14s elapsed=2h 11m 28s
[KD][253/300] loss=0.3921 ce=1.5410 kd=0.2644 train_acc=97.31% val_acc=71.42% best=72.22% lr=3.53878e-05 time=32.3s avg_epoch=31.2s est_300=2h 36m 15s elapsed=2h 12m 00s
[KD][254/300] loss=0.3900 ce=1.5410 kd=0.2621 train_acc=97.36% val_acc=71.67% best=72.22% lr=3.39627e-05 time=32.6s avg_epoch=31.3s est_300=2h 36m 16s elapsed=2h 12m 33s
[KD][255/300] loss=0.3898 ce=1.5409 kd=0.2619 train_acc=97.32% val_acc=71.61% best=72.22% lr=3.25647e-05 time=33.6s avg_epoch=31.3s est_300=2h 36m 19s elapsed=2h 13m 06s
[KD][256/300] loss=0.3896 ce=1.5411 kd=0.2617 train_acc=97.35% val_acc=71.58% best=72.22% lr=3.11941e-05 time=32.9s avg_epoch=31.3s est_300=2h 36m 21s elapsed=2h 13m 39s
[KD][257/300] loss=0.3881 ce=1.5414 kd=0.2599 train_acc=97.29% val_acc=71.78% best=72.22% lr=2.98511e-05 time=32.6s avg_epoch=31.3s est_300=2h 36m 23s elapsed=2h 14m 12s
[KD][258/300] loss=0.3873 ce=1.5405 kd=0.2592 train_acc=97.44% val_acc=71.36% best=72.22% lr=2.85358e-05 time=32.9s avg_epoch=31.3s est_300=2h 36m 25s elapsed=2h 14m 45s
[KD][259/300] loss=0.3859 ce=1.5399 kd=0.2577 train_acc=97.39% val_acc=71.34% best=72.22% lr=2.72484e-05 time=32.2s avg_epoch=31.3s est_300=2h 36m 26s elapsed=2h 15m 17s
[KD][260/300] loss=0.3869 ce=1.5405 kd=0.2587 train_acc=97.39% val_acc=71.47% best=72.22% lr=2.5989e-05 time=32.4s avg_epoch=31.3s est_300=2h 36m 27s elapsed=2h 15m 50s
[KD][261/300] loss=0.3858 ce=1.5391 kd=0.2576 train_acc=97.40% val_acc=71.37% best=72.22% lr=2.47578e-05 time=32.4s avg_epoch=31.3s est_300=2h 36m 28s elapsed=2h 16m 22s
[KD][262/300] loss=0.3854 ce=1.5393 kd=0.2572 train_acc=97.35% val_acc=71.52% best=72.22% lr=2.35549e-05 time=32.5s avg_epoch=31.3s est_300=2h 36m 29s elapsed=2h 16m 54s
[KD][263/300] loss=0.3841 ce=1.5391 kd=0.2557 train_acc=97.37% val_acc=71.42% best=72.22% lr=2.23806e-05 time=32.5s avg_epoch=31.3s est_300=2h 36m 31s elapsed=2h 17m 27s
[KD][264/300] loss=0.3834 ce=1.5395 kd=0.2550 train_acc=97.41% val_acc=71.54% best=72.22% lr=2.12349e-05 time=32.9s avg_epoch=31.3s est_300=2h 36m 33s elapsed=2h 18m 00s
[KD][265/300] loss=0.3829 ce=1.5389 kd=0.2545 train_acc=97.51% val_acc=71.37% best=72.22% lr=2.01181e-05 time=32.5s avg_epoch=31.3s est_300=2h 36m 34s elapsed=2h 18m 33s
[KD][266/300] loss=0.3828 ce=1.5400 kd=0.2542 train_acc=97.41% val_acc=71.43% best=72.22% lr=1.90301e-05 time=32.6s avg_epoch=31.3s est_300=2h 36m 35s elapsed=2h 19m 05s
[KD][267/300] loss=0.3817 ce=1.5388 kd=0.2532 train_acc=97.43% val_acc=71.56% best=72.22% lr=1.79713e-05 time=32.7s avg_epoch=31.3s est_300=2h 36m 37s elapsed=2h 19m 38s
[KD][268/300] loss=0.3816 ce=1.5403 kd=0.2529 train_acc=97.38% val_acc=71.46% best=72.22% lr=1.69416e-05 time=33.0s avg_epoch=31.3s est_300=2h 36m 39s elapsed=2h 20m 11s
[KD][269/300] loss=0.3800 ce=1.5398 kd=0.2511 train_acc=97.43% val_acc=71.59% best=72.22% lr=1.59413e-05 time=32.5s avg_epoch=31.3s est_300=2h 36m 40s elapsed=2h 20m 43s
[KD][270/300] loss=0.3800 ce=1.5376 kd=0.2514 train_acc=97.50% val_acc=71.38% best=72.22% lr=1.49704e-05 time=32.5s avg_epoch=31.3s est_300=2h 36m 41s elapsed=2h 21m 16s
[KD][271/300] loss=0.3793 ce=1.5387 kd=0.2504 train_acc=97.41% val_acc=71.43% best=72.22% lr=1.40292e-05 time=32.6s avg_epoch=31.3s est_300=2h 36m 43s elapsed=2h 21m 49s
[KD][272/300] loss=0.3796 ce=1.5375 kd=0.2510 train_acc=97.52% val_acc=71.48% best=72.22% lr=1.31176e-05 time=32.6s avg_epoch=31.3s est_300=2h 36m 44s elapsed=2h 22m 21s
[KD][273/300] loss=0.3789 ce=1.5388 kd=0.2500 train_acc=97.56% val_acc=71.52% best=72.22% lr=1.22359e-05 time=32.6s avg_epoch=31.4s est_300=2h 36m 45s elapsed=2h 22m 54s
[KD][274/300] loss=0.3781 ce=1.5376 kd=0.2493 train_acc=97.46% val_acc=71.61% best=72.22% lr=1.13841e-05 time=32.7s avg_epoch=31.4s est_300=2h 36m 47s elapsed=2h 23m 27s
[KD][275/300] loss=0.3787 ce=1.5372 kd=0.2500 train_acc=97.51% val_acc=71.59% best=72.22% lr=1.05623e-05 time=32.4s avg_epoch=31.4s est_300=2h 36m 48s elapsed=2h 23m 59s
[KD][276/300] loss=0.3780 ce=1.5385 kd=0.2490 train_acc=97.49% val_acc=71.52% best=72.22% lr=9.77067e-06 time=32.4s avg_epoch=31.4s est_300=2h 36m 49s elapsed=2h 24m 32s
[KD][277/300] loss=0.3777 ce=1.5385 kd=0.2487 train_acc=97.43% val_acc=71.45% best=72.22% lr=9.00928e-06 time=32.3s avg_epoch=31.4s est_300=2h 36m 50s elapsed=2h 25m 04s
[KD][278/300] loss=0.3775 ce=1.5376 kd=0.2486 train_acc=97.51% val_acc=71.52% best=72.22% lr=8.27824e-06 time=32.4s avg_epoch=31.4s est_300=2h 36m 51s elapsed=2h 25m 36s
[KD][279/300] loss=0.3766 ce=1.5380 kd=0.2476 train_acc=97.50% val_acc=71.46% best=72.22% lr=7.57762e-06 time=32.1s avg_epoch=31.4s est_300=2h 36m 52s elapsed=2h 26m 08s
[KD][280/300] loss=0.3763 ce=1.5378 kd=0.2472 train_acc=97.50% val_acc=71.42% best=72.22% lr=6.90752e-06 time=32.7s avg_epoch=31.4s est_300=2h 36m 53s elapsed=2h 26m 41s
[KD][281/300] loss=0.3766 ce=1.5369 kd=0.2477 train_acc=97.60% val_acc=71.48% best=72.22% lr=6.26802e-06 time=31.9s avg_epoch=31.4s est_300=2h 36m 54s elapsed=2h 27m 13s
[KD][282/300] loss=0.3759 ce=1.5378 kd=0.2468 train_acc=97.56% val_acc=71.68% best=72.22% lr=5.65921e-06 time=32.2s avg_epoch=31.4s est_300=2h 36m 55s elapsed=2h 27m 45s
[KD][283/300] loss=0.3757 ce=1.5374 kd=0.2466 train_acc=97.50% val_acc=71.55% best=72.22% lr=5.08115e-06 time=32.6s avg_epoch=31.4s est_300=2h 36m 56s elapsed=2h 28m 18s
[KD][284/300] loss=0.3754 ce=1.5372 kd=0.2464 train_acc=97.64% val_acc=71.54% best=72.22% lr=4.53393e-06 time=32.3s avg_epoch=31.4s est_300=2h 36m 57s elapsed=2h 28m 50s
[KD][285/300] loss=0.3755 ce=1.5391 kd=0.2463 train_acc=97.52% val_acc=71.58% best=72.22% lr=4.0176e-06 time=32.5s avg_epoch=31.4s est_300=2h 36m 58s elapsed=2h 29m 23s
[KD][286/300] loss=0.3748 ce=1.5375 kd=0.2456 train_acc=97.52% val_acc=71.63% best=72.22% lr=3.53225e-06 time=32.3s avg_epoch=31.4s est_300=2h 36m 59s elapsed=2h 29m 55s
[KD][287/300] loss=0.3751 ce=1.5380 kd=0.2459 train_acc=97.52% val_acc=71.52% best=72.22% lr=3.07791e-06 time=32.6s avg_epoch=31.4s est_300=2h 37m 01s elapsed=2h 30m 28s
[KD][288/300] loss=0.3754 ce=1.5369 kd=0.2464 train_acc=97.53% val_acc=71.61% best=72.22% lr=2.65467e-06 time=32.3s avg_epoch=31.4s est_300=2h 37m 01s elapsed=2h 31m 00s
[KD][289/300] loss=0.3743 ce=1.5370 kd=0.2451 train_acc=97.58% val_acc=71.50% best=72.22% lr=2.26256e-06 time=32.7s avg_epoch=31.4s est_300=2h 37m 03s elapsed=2h 31m 33s
[KD][290/300] loss=0.3748 ce=1.5364 kd=0.2457 train_acc=97.58% val_acc=71.58% best=72.22% lr=1.90164e-06 time=32.5s avg_epoch=31.4s est_300=2h 37m 04s elapsed=2h 32m 06s
[KD][291/300] loss=0.3748 ce=1.5372 kd=0.2456 train_acc=97.56% val_acc=71.53% best=72.22% lr=1.57195e-06 time=32.2s avg_epoch=31.4s est_300=2h 37m 05s elapsed=2h 32m 38s
[KD][292/300] loss=0.3748 ce=1.5377 kd=0.2456 train_acc=97.57% val_acc=71.57% best=72.22% lr=1.27353e-06 time=32.6s avg_epoch=31.4s est_300=2h 37m 06s elapsed=2h 33m 11s
[KD][293/300] loss=0.3743 ce=1.5383 kd=0.2450 train_acc=97.52% val_acc=71.59% best=72.22% lr=1.00643e-06 time=32.2s avg_epoch=31.4s est_300=2h 37m 07s elapsed=2h 33m 43s
[KD][294/300] loss=0.3749 ce=1.5372 kd=0.2457 train_acc=97.55% val_acc=71.53% best=72.22% lr=7.70667e-07 time=32.1s avg_epoch=31.4s est_300=2h 37m 07s elapsed=2h 34m 15s
[KD][295/300] loss=0.3751 ce=1.5377 kd=0.2460 train_acc=97.53% val_acc=71.54% best=72.22% lr=5.66281e-07 time=32.5s avg_epoch=31.4s est_300=2h 37m 09s elapsed=2h 34m 47s
[KD][296/300] loss=0.3747 ce=1.5374 kd=0.2455 train_acc=97.51% val_acc=71.57% best=72.22% lr=3.93296e-07 time=33.2s avg_epoch=31.4s est_300=2h 37m 10s elapsed=2h 35m 21s
[KD][297/300] loss=0.3748 ce=1.5385 kd=0.2455 train_acc=97.43% val_acc=71.52% best=72.22% lr=2.51733e-07 time=32.5s avg_epoch=31.4s est_300=2h 37m 11s elapsed=2h 35m 53s
[KD][298/300] loss=0.3741 ce=1.5380 kd=0.2448 train_acc=97.58% val_acc=71.55% best=72.22% lr=1.4161e-07 time=32.6s avg_epoch=31.4s est_300=2h 37m 13s elapsed=2h 36m 26s
[KD][299/300] loss=0.3746 ce=1.5403 kd=0.2451 train_acc=97.41% val_acc=71.55% best=72.22% lr=6.29413e-08 time=32.4s avg_epoch=31.4s est_300=2h 37m 13s elapsed=2h 36m 58s
[KD][300/300] loss=0.3745 ce=1.5382 kd=0.2452 train_acc=97.48% val_acc=71.54% best=72.22% lr=1.57358e-08 time=32.4s avg_epoch=31.4s est_300=2h 37m 14s elapsed=2h 37m 31s
========================================================================
[FINAL_RESULT] kd_best_top1=72.22% vanilla_top1=73.16% gain_over_vanilla=-0.94pp
[TIMING] avg_epoch=31.4s estimated_300_student=2h 37m 14s elapsed=2h 37m 31s
[FINAL_RESULT] best_checkpoint=/app/output/kd_cifar100_pit_300ep/student_best.pt
[FINAL_RESULT] latest_checkpoint=/app/output/kd_cifar100_pit_300ep/student_latest.pt
[FINAL_RESULT] summary=/app/output/kd_cifar100_pit_300ep/summary.json
[DONE] KD training completed successfully; resources may be released.
