[BOOT] timm not found; installing timm==1.0.27
WARNING: Running pip as the 'root' user can result in broken permissions and conflicting behaviour with the system package manager, possibly rendering your system unusable. It is recommended to use a virtual environment instead: https://pip.pypa.io/warnings/venv. Use the --root-user-action option if you know what you are doing and want to suppress this warning.
[BOOT] timm installation completed
========================================================================
STANDARD LOGIT KD / RESNET56 -> VIT STUDENT
========================================================================
[ENV] python=3.10.12 torch=2.11.0+cu130 timm=1.0.27
[ENV] cuda_available=True cuda_device_count=1
[ENV] gpu_name=NVIDIA H200 NVL
[ENV] gpu_memory_gib=139.80
[ENV] device=cuda amp=True seed=42
[PATH] data_dir=/app/scratch/input/bapedragon_401/data
[PATH] teacher_root=/app/scratch/input/bapedragon_401/checkpoints/teachers
[PATH] run_dir=/app/output/kd_flowers102_deit_ti_200ep
[MODE] smoke=False timing_run=False student_epochs=200 planned_epochs=200
[PROTOCOL] name=flowers102_deit_ti_common_kd_v1 optimizer=AdamW lr=0.0005 weight_decay=0.05 warmup=5 cosine batch=64 image=224
[KD] loss=(1-0.9)*CE+0.9*T^2*KL temperature=4.0 label_smoothing=0.1
[NOTE] KD temperature and loss weight are implementation choices, not specified in V2.
[NOTE] CvT, T2T-7, and T2T-14 require their official model implementations; they are not exposed by timm==1.0.27.
[DATA] Oxford Flowers root=/app/scratch/input/bapedragon_401/data
[DATA] Preparing Oxford Flowers with official URL and MD5 checks
[DATA] Download source=Oxford official images url=https://www.robots.ox.ac.uk/~vgg/data/flowers/102/102flowers.tgz
[DATA] Download progress source=Oxford official images 10% (33.0 MiB)
[DATA] Download progress source=Oxford official images 20% (66.0 MiB)
[DATA] Download progress source=Oxford official images 30% (99.0 MiB)
[DATA] Download progress source=Oxford official images 40% (132.0 MiB)
[DATA] Download progress source=Oxford official images 50% (165.0 MiB)
[DATA] Download progress source=Oxford official images 60% (198.0 MiB)
[DATA] Download progress source=Oxford official images 70% (231.0 MiB)
[DATA] Download progress source=Oxford official images 80% (264.0 MiB)
[DATA] Download progress source=Oxford official images 90% (296.0 MiB)
[DATA] Download progress source=Oxford official images 100% (328.9 MiB)
[DATA] Download verified source=Oxford official images size=328.9 MiB md5=52808999861908f626f3c1f4e79d11fa
[DATA] Extracting verified Oxford Flowers image archive
[DATA] Download source=Oxford official labels url=https://www.robots.ox.ac.uk/~vgg/data/flowers/102/imagelabels.mat
[DATA] Download progress source=Oxford official labels 100% (0.0 MiB)
[DATA] Download verified source=Oxford official labels size=0.0 MiB md5=e0620be6f572b9609742df49c70aed4d
[DATA] Download source=Oxford official splits url=https://www.robots.ox.ac.uk/~vgg/data/flowers/102/setid.mat
[DATA] Download progress source=Oxford official splits 100% (0.0 MiB)
[DATA] Download verified source=Oxford official splits size=0.0 MiB md5=a5357ecc9cb78c4bef273ce3793fc85c
[DATA] Oxford Flowers ready
[DATA] Train split ready: split=train+val samples=1020+1020=2040
[DATA] Eval split ready: split=test samples=6149
[DATA] train_samples=2040 test_samples=6149
[DATA] image_size=224 batch_size=64 num_workers=4 smoke=False train_split=trainval eval_split=test
[TEACHER] selected=best epoch=291 top1=64.64% sha256=818e7fba63940533cd7b554c4c23703d082f22d5f4a1e82aa454d7aa2fa30b28
[MODEL] teacher_params=861,750 student=deit_tiny_patch16_224 student_params=5,544,102
[STUDENT] optimizer=adamw lr=0.0005 weight_decay=0.05 epochs=200 effective_warmup=5
[KD][001/200] loss=19.4367 ce=4.4043 kd=21.1070 train_acc=3.92% val_acc=5.94% best=5.94% lr=0.0001 time=12.5s avg_epoch=12.5s est_planned=41m 48s elapsed=13s saved_best
[KD][002/200] loss=18.5186 ce=4.1028 kd=20.1203 train_acc=7.55% val_acc=6.83% best=6.83% lr=0.0002 time=10.7s avg_epoch=11.6s est_planned=38m 40s elapsed=23s saved_best
[KD][003/200] loss=17.4886 ce=3.8448 kd=19.0046 train_acc=10.34% val_acc=9.42% best=9.42% lr=0.0003 time=10.7s avg_epoch=11.3s est_planned=37m 42s elapsed=34s saved_best
[KD][004/200] loss=16.3310 ce=3.6623 kd=17.7386 train_acc=13.73% val_acc=11.74% best=11.74% lr=0.0004 time=10.6s avg_epoch=11.1s est_planned=37m 07s elapsed=45s saved_best
[KD][005/200] loss=15.1334 ce=3.5256 kd=16.4231 train_acc=16.91% val_acc=13.37% best=13.37% lr=0.0005 time=10.6s avg_epoch=11.0s est_planned=36m 47s elapsed=56s saved_best
[KD][006/200] loss=14.1694 ce=3.4175 kd=15.3641 train_acc=21.67% val_acc=16.75% best=16.75% lr=0.0005 time=10.6s avg_epoch=11.0s est_planned=36m 32s elapsed=1m 06s saved_best
[KD][007/200] loss=13.2813 ce=3.3222 kd=14.3879 train_acc=25.78% val_acc=19.79% best=19.79% lr=0.000499968 time=10.6s avg_epoch=10.9s est_planned=36m 21s elapsed=1m 17s saved_best
[KD][008/200] loss=12.6380 ce=3.2712 kd=13.6787 train_acc=27.45% val_acc=22.02% best=22.02% lr=0.00049987 time=10.7s avg_epoch=10.9s est_planned=36m 17s elapsed=1m 28s saved_best
[KD][009/200] loss=12.0337 ce=3.2652 kd=13.0080 train_acc=30.88% val_acc=22.23% best=22.23% lr=0.000499708 time=10.7s avg_epoch=10.9s est_planned=36m 13s elapsed=1m 39s saved_best
[KD][010/200] loss=11.3356 ce=3.1540 kd=12.2446 train_acc=34.61% val_acc=24.75% best=24.75% lr=0.000499481 time=10.6s avg_epoch=10.8s est_planned=36m 08s elapsed=1m 49s saved_best
[KD][011/200] loss=10.8227 ce=3.1430 kd=11.6760 train_acc=37.35% val_acc=24.96% best=24.96% lr=0.000499189 time=10.7s avg_epoch=10.8s est_planned=36m 04s elapsed=2m 00s saved_best
[KD][012/200] loss=10.3583 ce=3.0991 kd=11.1649 train_acc=37.99% val_acc=27.11% best=27.11% lr=0.000498833 time=10.9s avg_epoch=10.8s est_planned=36m 05s elapsed=2m 11s saved_best
[KD][013/200] loss=9.9761 ce=3.1146 kd=10.7385 train_acc=40.74% val_acc=29.66% best=29.66% lr=0.000498412 time=10.7s avg_epoch=10.8s est_planned=36m 02s elapsed=2m 22s saved_best
[KD][014/200] loss=9.4916 ce=3.0725 kd=10.2048 train_acc=42.30% val_acc=28.92% best=29.66% lr=0.000497926 time=10.7s avg_epoch=10.8s est_planned=36m 01s elapsed=2m 33s
[KD][015/200] loss=9.1785 ce=3.0456 kd=9.8600 train_acc=43.73% val_acc=31.13% best=31.13% lr=0.000497377 time=10.8s avg_epoch=10.8s est_planned=36m 01s elapsed=2m 43s saved_best
[KD][016/200] loss=8.7209 ce=2.9373 kd=9.3635 train_acc=46.81% val_acc=33.57% best=33.57% lr=0.000496763 time=10.8s avg_epoch=10.8s est_planned=36m 00s elapsed=2m 54s saved_best
[KD][017/200] loss=8.4451 ce=2.9647 kd=9.0541 train_acc=47.99% val_acc=33.00% best=33.57% lr=0.000496084 time=10.8s avg_epoch=10.8s est_planned=36m 00s elapsed=3m 05s
[KD][018/200] loss=8.1315 ce=2.9095 kd=8.7117 train_acc=50.20% val_acc=31.70% best=33.57% lr=0.000495343 time=10.7s avg_epoch=10.8s est_planned=35m 58s elapsed=3m 16s
[KD][019/200] loss=7.7916 ce=2.8521 kd=8.3404 train_acc=51.96% val_acc=34.53% best=34.53% lr=0.000494537 time=11.0s avg_epoch=10.8s est_planned=36m 01s elapsed=3m 27s saved_best
[KD][020/200] loss=7.3564 ce=2.7853 kd=7.8643 train_acc=55.10% val_acc=33.65% best=34.53% lr=0.000493668 time=10.8s avg_epoch=10.8s est_planned=36m 01s elapsed=3m 38s
[KD][021/200] loss=7.3107 ce=2.8158 kd=7.8102 train_acc=54.56% val_acc=34.09% best=34.53% lr=0.000492735 time=10.7s avg_epoch=10.8s est_planned=36m 00s elapsed=3m 49s
[KD][022/200] loss=6.9926 ce=2.7246 kd=7.4668 train_acc=57.21% val_acc=37.37% best=37.37% lr=0.00049174 time=10.9s avg_epoch=10.8s est_planned=36m 01s elapsed=4m 00s saved_best
[KD][023/200] loss=6.4866 ce=2.6281 kd=6.9153 train_acc=61.32% val_acc=37.23% best=37.37% lr=0.000490682 time=10.6s avg_epoch=10.8s est_planned=35m 59s elapsed=4m 10s
[KD][024/200] loss=6.3662 ce=2.6326 kd=6.7810 train_acc=59.71% val_acc=35.96% best=37.37% lr=0.000489561 time=10.8s avg_epoch=10.8s est_planned=35m 59s elapsed=4m 21s
[KD][025/200] loss=6.2082 ce=2.5680 kd=6.6127 train_acc=63.33% val_acc=38.56% best=38.56% lr=0.000488379 time=10.7s avg_epoch=10.8s est_planned=35m 58s elapsed=4m 32s saved_best
[KD][026/200] loss=5.9249 ce=2.5218 kd=6.3030 train_acc=64.66% val_acc=38.56% best=38.56% lr=0.000487134 time=10.6s avg_epoch=10.8s est_planned=35m 56s elapsed=4m 43s saved_best
[KD][027/200] loss=5.6314 ce=2.4538 kd=5.9844 train_acc=68.43% val_acc=37.63% best=38.56% lr=0.000485828 time=10.7s avg_epoch=10.8s est_planned=35m 56s elapsed=4m 53s
[KD][028/200] loss=5.4489 ce=2.4125 kd=5.7862 train_acc=69.66% val_acc=41.24% best=41.24% lr=0.000484461 time=10.7s avg_epoch=10.8s est_planned=35m 55s elapsed=5m 04s saved_best
[KD][029/200] loss=5.1087 ce=2.3405 kd=5.4162 train_acc=70.39% val_acc=40.32% best=41.24% lr=0.000483032 time=10.8s avg_epoch=10.8s est_planned=35m 55s elapsed=5m 15s
[KD][030/200] loss=4.7977 ce=2.2729 kd=5.0783 train_acc=74.51% val_acc=39.05% best=41.24% lr=0.000481544 time=10.6s avg_epoch=10.8s est_planned=35m 55s elapsed=5m 26s
[KD][031/200] loss=4.6886 ce=2.2480 kd=4.9598 train_acc=75.15% val_acc=38.82% best=41.24% lr=0.000479995 time=10.8s avg_epoch=10.8s est_planned=35m 55s elapsed=5m 37s
[KD][032/200] loss=4.5251 ce=2.2189 kd=4.7814 train_acc=76.32% val_acc=40.79% best=41.24% lr=0.000478386 time=10.7s avg_epoch=10.8s est_planned=35m 54s elapsed=5m 47s
[KD][033/200] loss=4.2802 ce=2.1792 kd=4.5137 train_acc=77.50% val_acc=41.34% best=41.34% lr=0.000476719 time=10.6s avg_epoch=10.8s est_planned=35m 53s elapsed=5m 58s saved_best
[KD][034/200] loss=4.1477 ce=2.1646 kd=4.3681 train_acc=78.38% val_acc=42.04% best=42.04% lr=0.000474992 time=10.7s avg_epoch=10.8s est_planned=35m 53s elapsed=6m 09s saved_best
[KD][035/200] loss=3.7840 ce=2.0576 kd=3.9758 train_acc=82.16% val_acc=43.34% best=43.34% lr=0.000473207 time=10.5s avg_epoch=10.8s est_planned=35m 51s elapsed=6m 19s saved_best
[KD][036/200] loss=3.6012 ce=2.0251 kd=3.7764 train_acc=84.26% val_acc=42.36% best=43.34% lr=0.000471364 time=10.5s avg_epoch=10.7s est_planned=35m 50s elapsed=6m 30s
[KD][037/200] loss=3.5389 ce=2.0231 kd=3.7074 train_acc=84.85% val_acc=43.39% best=43.39% lr=0.000469464 time=10.9s avg_epoch=10.8s est_planned=35m 51s elapsed=6m 41s saved_best
[KD][038/200] loss=3.4881 ce=1.9979 kd=3.6537 train_acc=85.15% val_acc=44.41% best=44.41% lr=0.000467506 time=10.6s avg_epoch=10.7s est_planned=35m 50s elapsed=6m 52s saved_best
[KD][039/200] loss=3.2228 ce=1.9627 kd=3.3628 train_acc=87.16% val_acc=44.56% best=44.56% lr=0.000465492 time=10.8s avg_epoch=10.7s est_planned=35m 50s elapsed=7m 02s saved_best
[KD][040/200] loss=3.0688 ce=1.9321 kd=3.1951 train_acc=88.48% val_acc=43.58% best=44.56% lr=0.000463423 time=10.6s avg_epoch=10.7s est_planned=35m 49s elapsed=7m 13s
[KD][041/200] loss=2.9435 ce=1.8857 kd=3.0610 train_acc=90.00% val_acc=44.64% best=44.64% lr=0.000461298 time=10.9s avg_epoch=10.7s est_planned=35m 50s elapsed=7m 24s saved_best
[KD][042/200] loss=2.6954 ce=1.8473 kd=2.7897 train_acc=91.72% val_acc=43.80% best=44.64% lr=0.000459118 time=10.6s avg_epoch=10.7s est_planned=35m 49s elapsed=7m 35s
[KD][043/200] loss=2.6852 ce=1.8491 kd=2.7781 train_acc=91.96% val_acc=44.22% best=44.64% lr=0.000456883 time=10.9s avg_epoch=10.7s est_planned=35m 50s elapsed=7m 46s
[KD][044/200] loss=2.6100 ce=1.8523 kd=2.6942 train_acc=92.21% val_acc=44.61% best=44.64% lr=0.000454595 time=10.8s avg_epoch=10.7s est_planned=35m 50s elapsed=7m 56s
[KD][045/200] loss=2.4122 ce=1.8242 kd=2.4775 train_acc=93.92% val_acc=44.84% best=44.84% lr=0.000452254 time=10.8s avg_epoch=10.7s est_planned=35m 50s elapsed=8m 07s saved_best
[KD][046/200] loss=2.2314 ce=1.7921 kd=2.2802 train_acc=95.44% val_acc=44.09% best=44.84% lr=0.000449861 time=10.9s avg_epoch=10.8s est_planned=35m 51s elapsed=8m 18s
[KD][047/200] loss=2.2140 ce=1.7995 kd=2.2600 train_acc=95.15% val_acc=44.61% best=44.84% lr=0.000447415 time=10.7s avg_epoch=10.8s est_planned=35m 51s elapsed=8m 29s
[KD][048/200] loss=2.1110 ce=1.7900 kd=2.1467 train_acc=96.27% val_acc=44.61% best=44.84% lr=0.000444919 time=10.7s avg_epoch=10.8s est_planned=35m 51s elapsed=8m 40s
[KD][049/200] loss=1.9698 ce=1.7764 kd=1.9913 train_acc=97.25% val_acc=45.41% best=45.41% lr=0.000442371 time=10.6s avg_epoch=10.7s est_planned=35m 50s elapsed=8m 51s saved_best
[KD][050/200] loss=1.8340 ce=1.7652 kd=1.8416 train_acc=97.89% val_acc=45.88% best=45.88% lr=0.000439774 time=10.6s avg_epoch=10.7s est_planned=35m 49s elapsed=9m 01s saved_best
[KD][051/200] loss=1.8011 ce=1.7574 kd=1.8059 train_acc=98.14% val_acc=45.62% best=45.88% lr=0.000437128 time=10.8s avg_epoch=10.7s est_planned=35m 50s elapsed=9m 12s
[KD][052/200] loss=1.7551 ce=1.7678 kd=1.7537 train_acc=97.75% val_acc=45.70% best=45.88% lr=0.000434433 time=10.6s avg_epoch=10.7s est_planned=35m 49s elapsed=9m 23s
[KD][053/200] loss=1.7631 ce=1.7675 kd=1.7626 train_acc=98.38% val_acc=43.24% best=45.88% lr=0.00043169 time=10.7s avg_epoch=10.7s est_planned=35m 49s elapsed=9m 33s
[KD][054/200] loss=1.7434 ce=1.7734 kd=1.7400 train_acc=97.70% val_acc=45.13% best=45.88% lr=0.0004289 time=10.7s avg_epoch=10.7s est_planned=35m 48s elapsed=9m 44s
[KD][055/200] loss=1.6468 ce=1.7631 kd=1.6339 train_acc=98.68% val_acc=45.52% best=45.88% lr=0.000426063 time=10.2s avg_epoch=10.7s est_planned=35m 46s elapsed=9m 54s
[KD][056/200] loss=1.6000 ce=1.7606 kd=1.5822 train_acc=98.97% val_acc=44.90% best=45.88% lr=0.000423181 time=10.3s avg_epoch=10.7s est_planned=35m 45s elapsed=10m 05s
[KD][057/200] loss=1.5468 ce=1.7568 kd=1.5235 train_acc=99.12% val_acc=44.41% best=45.88% lr=0.000420254 time=10.8s avg_epoch=10.7s est_planned=35m 45s elapsed=10m 16s
[KD][058/200] loss=1.4904 ce=1.7639 kd=1.4600 train_acc=99.36% val_acc=44.59% best=45.88% lr=0.000417283 time=10.4s avg_epoch=10.7s est_planned=35m 44s elapsed=10m 26s
[KD][059/200] loss=1.4172 ce=1.7603 kd=1.3790 train_acc=99.02% val_acc=45.81% best=45.88% lr=0.000414268 time=10.7s avg_epoch=10.7s est_planned=35m 44s elapsed=10m 37s
[KD][060/200] loss=1.3815 ce=1.7629 kd=1.3391 train_acc=99.31% val_acc=44.95% best=45.88% lr=0.000411211 time=10.7s avg_epoch=10.7s est_planned=35m 44s elapsed=10m 48s
[KD][061/200] loss=1.4273 ce=1.7650 kd=1.3898 train_acc=99.17% val_acc=44.14% best=45.88% lr=0.000408111 time=10.6s avg_epoch=10.7s est_planned=35m 43s elapsed=10m 58s
[KD][062/200] loss=1.4704 ce=1.7759 kd=1.4364 train_acc=98.48% val_acc=45.71% best=45.88% lr=0.000404971 time=10.5s avg_epoch=10.7s est_planned=35m 43s elapsed=11m 09s
[KD][063/200] loss=1.3342 ce=1.7659 kd=1.2862 train_acc=99.31% val_acc=45.65% best=45.88% lr=0.000401791 time=10.8s avg_epoch=10.7s est_planned=35m 43s elapsed=11m 20s
[KD][064/200] loss=1.2660 ce=1.7677 kd=1.2102 train_acc=99.26% val_acc=45.49% best=45.88% lr=0.000398571 time=10.7s avg_epoch=10.7s est_planned=35m 43s elapsed=11m 30s
[KD][065/200] loss=1.2098 ce=1.7599 kd=1.1487 train_acc=99.61% val_acc=44.25% best=45.88% lr=0.000395312 time=10.4s avg_epoch=10.7s est_planned=35m 42s elapsed=11m 41s
[KD][066/200] loss=1.1853 ce=1.7711 kd=1.1202 train_acc=99.61% val_acc=45.49% best=45.88% lr=0.000392016 time=10.7s avg_epoch=10.7s est_planned=35m 42s elapsed=11m 52s
[KD][067/200] loss=1.1780 ce=1.7650 kd=1.1128 train_acc=99.66% val_acc=45.34% best=45.88% lr=0.000388683 time=10.6s avg_epoch=10.7s est_planned=35m 41s elapsed=12m 02s
[KD][068/200] loss=1.1469 ce=1.7685 kd=1.0778 train_acc=99.66% val_acc=45.13% best=45.88% lr=0.000385314 time=10.4s avg_epoch=10.7s est_planned=35m 40s elapsed=12m 13s
[KD][069/200] loss=1.1367 ce=1.7758 kd=1.0657 train_acc=99.51% val_acc=45.54% best=45.88% lr=0.00038191 time=10.5s avg_epoch=10.7s est_planned=35m 40s elapsed=12m 23s
[KD][070/200] loss=1.1200 ce=1.7712 kd=1.0476 train_acc=99.71% val_acc=44.14% best=45.88% lr=0.000378472 time=10.7s avg_epoch=10.7s est_planned=35m 40s elapsed=12m 34s
[KD][071/200] loss=1.1016 ce=1.7694 kd=1.0274 train_acc=100.00% val_acc=44.90% best=45.88% lr=0.000375 time=10.5s avg_epoch=10.7s est_planned=35m 39s elapsed=12m 44s
[KD][072/200] loss=1.0488 ce=1.7725 kd=0.9684 train_acc=99.75% val_acc=45.55% best=45.88% lr=0.000371496 time=10.7s avg_epoch=10.7s est_planned=35m 39s elapsed=12m 55s
[KD][073/200] loss=1.0260 ce=1.7697 kd=0.9434 train_acc=99.90% val_acc=44.12% best=45.88% lr=0.00036796 time=10.5s avg_epoch=10.7s est_planned=35m 38s elapsed=13m 06s
[KD][074/200] loss=1.0425 ce=1.7741 kd=0.9612 train_acc=99.85% val_acc=44.79% best=45.88% lr=0.000364394 time=10.6s avg_epoch=10.7s est_planned=35m 38s elapsed=13m 16s
[KD][075/200] loss=1.0225 ce=1.7770 kd=0.9387 train_acc=99.80% val_acc=44.23% best=45.88% lr=0.000360798 time=10.7s avg_epoch=10.7s est_planned=35m 38s elapsed=13m 27s
[KD][076/200] loss=1.0395 ce=1.7744 kd=0.9578 train_acc=99.85% val_acc=44.69% best=45.88% lr=0.000357173 time=10.5s avg_epoch=10.7s est_planned=35m 38s elapsed=13m 38s
[KD][077/200] loss=1.0006 ce=1.7767 kd=0.9144 train_acc=99.95% val_acc=44.46% best=45.88% lr=0.000353521 time=10.6s avg_epoch=10.7s est_planned=35m 37s elapsed=13m 48s
[KD][078/200] loss=0.9690 ce=1.7793 kd=0.8790 train_acc=99.75% val_acc=45.81% best=45.88% lr=0.000349841 time=10.6s avg_epoch=10.7s est_planned=35m 37s elapsed=13m 59s
[KD][079/200] loss=0.9837 ce=1.7804 kd=0.8951 train_acc=99.61% val_acc=45.03% best=45.88% lr=0.000346136 time=10.7s avg_epoch=10.7s est_planned=35m 37s elapsed=14m 10s
[KD][080/200] loss=0.9732 ce=1.7779 kd=0.8838 train_acc=99.85% val_acc=44.97% best=45.88% lr=0.000342406 time=10.7s avg_epoch=10.7s est_planned=35m 37s elapsed=14m 20s
[KD][081/200] loss=0.9472 ce=1.7822 kd=0.8544 train_acc=99.90% val_acc=44.28% best=45.88% lr=0.000338651 time=10.6s avg_epoch=10.7s est_planned=35m 37s elapsed=14m 31s
[KD][082/200] loss=0.9230 ce=1.7813 kd=0.8276 train_acc=99.85% val_acc=44.59% best=45.88% lr=0.000334874 time=10.5s avg_epoch=10.7s est_planned=35m 37s elapsed=14m 42s
[KD][083/200] loss=0.8931 ce=1.7816 kd=0.7944 train_acc=99.90% val_acc=44.36% best=45.88% lr=0.000331075 time=10.6s avg_epoch=10.7s est_planned=35m 36s elapsed=14m 52s
[KD][084/200] loss=0.9035 ce=1.7861 kd=0.8054 train_acc=99.90% val_acc=44.82% best=45.88% lr=0.000327254 time=10.6s avg_epoch=10.7s est_planned=35m 36s elapsed=15m 03s
[KD][085/200] loss=0.9420 ce=1.7854 kd=0.8483 train_acc=99.71% val_acc=44.76% best=45.88% lr=0.000323414 time=10.8s avg_epoch=10.7s est_planned=35m 37s elapsed=15m 14s
[KD][086/200] loss=0.8911 ce=1.7876 kd=0.7914 train_acc=99.95% val_acc=45.00% best=45.88% lr=0.000319554 time=10.6s avg_epoch=10.7s est_planned=35m 36s elapsed=15m 25s
[KD][087/200] loss=0.9218 ce=1.7877 kd=0.8256 train_acc=99.75% val_acc=44.85% best=45.88% lr=0.000315677 time=10.6s avg_epoch=10.7s est_planned=35m 36s elapsed=15m 35s
[KD][088/200] loss=0.8809 ce=1.7889 kd=0.7801 train_acc=99.90% val_acc=44.32% best=45.88% lr=0.000311782 time=10.5s avg_epoch=10.7s est_planned=35m 36s elapsed=15m 46s
[KD][089/200] loss=0.8284 ce=1.7842 kd=0.7222 train_acc=100.00% val_acc=44.85% best=45.88% lr=0.000307872 time=10.5s avg_epoch=10.7s est_planned=35m 36s elapsed=15m 56s
[KD][090/200] loss=0.8449 ce=1.7855 kd=0.7403 train_acc=100.00% val_acc=45.37% best=45.88% lr=0.000303946 time=10.7s avg_epoch=10.7s est_planned=35m 36s elapsed=16m 07s
[KD][091/200] loss=0.7943 ce=1.7886 kd=0.6838 train_acc=99.95% val_acc=45.45% best=45.88% lr=0.000300006 time=10.7s avg_epoch=10.7s est_planned=35m 35s elapsed=16m 18s
[KD][092/200] loss=0.7676 ce=1.7853 kd=0.6546 train_acc=100.00% val_acc=45.16% best=45.88% lr=0.000296054 time=10.8s avg_epoch=10.7s est_planned=35m 36s elapsed=16m 29s
[KD][093/200] loss=0.7748 ce=1.7898 kd=0.6621 train_acc=100.00% val_acc=44.59% best=45.88% lr=0.000292089 time=10.5s avg_epoch=10.7s est_planned=35m 35s elapsed=16m 39s
[KD][094/200] loss=0.7811 ce=1.7872 kd=0.6693 train_acc=100.00% val_acc=45.19% best=45.88% lr=0.000288114 time=10.6s avg_epoch=10.7s est_planned=35m 35s elapsed=16m 50s
[KD][095/200] loss=0.7561 ce=1.7932 kd=0.6408 train_acc=99.95% val_acc=44.90% best=45.88% lr=0.000284128 time=10.6s avg_epoch=10.7s est_planned=35m 35s elapsed=17m 00s
[KD][096/200] loss=0.7464 ce=1.7947 kd=0.6299 train_acc=100.00% val_acc=44.56% best=45.88% lr=0.000280134 time=10.6s avg_epoch=10.7s est_planned=35m 35s elapsed=17m 11s
[KD][097/200] loss=0.7371 ce=1.7914 kd=0.6199 train_acc=100.00% val_acc=45.75% best=45.88% lr=0.000276132 time=10.5s avg_epoch=10.7s est_planned=35m 35s elapsed=17m 22s
[KD][098/200] loss=0.7285 ce=1.7934 kd=0.6102 train_acc=100.00% val_acc=44.22% best=45.88% lr=0.000272123 time=10.7s avg_epoch=10.7s est_planned=35m 35s elapsed=17m 32s
[KD][099/200] loss=0.7426 ce=1.7934 kd=0.6258 train_acc=100.00% val_acc=44.43% best=45.88% lr=0.000268109 time=10.6s avg_epoch=10.7s est_planned=35m 35s elapsed=17m 43s
[KD][100/200] loss=0.7053 ce=1.7972 kd=0.5840 train_acc=100.00% val_acc=43.99% best=45.88% lr=0.000264089 time=10.6s avg_epoch=10.7s est_planned=35m 34s elapsed=17m 54s
[KD][101/200] loss=0.7122 ce=1.7948 kd=0.5919 train_acc=100.00% val_acc=44.89% best=45.88% lr=0.000260066 time=10.6s avg_epoch=10.7s est_planned=35m 34s elapsed=18m 04s
[KD][102/200] loss=0.7119 ce=1.7948 kd=0.5916 train_acc=100.00% val_acc=44.67% best=45.88% lr=0.000256041 time=10.6s avg_epoch=10.7s est_planned=35m 34s elapsed=18m 15s
[KD][103/200] loss=0.6980 ce=1.7970 kd=0.5759 train_acc=99.90% val_acc=45.76% best=45.88% lr=0.000252014 time=10.6s avg_epoch=10.7s est_planned=35m 34s elapsed=18m 26s
[KD][104/200] loss=0.6887 ce=1.7993 kd=0.5653 train_acc=100.00% val_acc=44.71% best=45.88% lr=0.000247986 time=10.5s avg_epoch=10.7s est_planned=35m 33s elapsed=18m 36s
[KD][105/200] loss=0.6840 ce=1.7999 kd=0.5600 train_acc=100.00% val_acc=45.31% best=45.88% lr=0.000243959 time=10.5s avg_epoch=10.7s est_planned=35m 33s elapsed=18m 47s
[KD][106/200] loss=0.6749 ce=1.7990 kd=0.5500 train_acc=100.00% val_acc=45.02% best=45.88% lr=0.000239934 time=10.4s avg_epoch=10.7s est_planned=35m 33s elapsed=18m 57s
[KD][107/200] loss=0.6808 ce=1.7994 kd=0.5565 train_acc=99.95% val_acc=44.84% best=45.88% lr=0.000235911 time=10.7s avg_epoch=10.7s est_planned=35m 33s elapsed=19m 08s
[KD][108/200] loss=0.6658 ce=1.7983 kd=0.5400 train_acc=100.00% val_acc=44.77% best=45.88% lr=0.000231891 time=10.9s avg_epoch=10.7s est_planned=35m 33s elapsed=19m 19s
[KD][109/200] loss=0.6545 ce=1.7988 kd=0.5274 train_acc=100.00% val_acc=44.85% best=45.88% lr=0.000227877 time=10.7s avg_epoch=10.7s est_planned=35m 33s elapsed=19m 30s
[KD][110/200] loss=0.6540 ce=1.8006 kd=0.5266 train_acc=99.95% val_acc=44.14% best=45.88% lr=0.000223868 time=10.9s avg_epoch=10.7s est_planned=35m 34s elapsed=19m 41s
[KD][111/200] loss=0.6416 ce=1.8009 kd=0.5128 train_acc=100.00% val_acc=44.72% best=45.88% lr=0.000219866 time=10.7s avg_epoch=10.7s est_planned=35m 34s elapsed=19m 51s
[KD][112/200] loss=0.6500 ce=1.7982 kd=0.5224 train_acc=100.00% val_acc=44.82% best=45.88% lr=0.000215872 time=10.5s avg_epoch=10.7s est_planned=35m 34s elapsed=20m 02s
[KD][113/200] loss=0.6350 ce=1.8054 kd=0.5050 train_acc=99.95% val_acc=45.02% best=45.88% lr=0.000211886 time=10.6s avg_epoch=10.7s est_planned=35m 34s elapsed=20m 13s
[KD][114/200] loss=0.6311 ce=1.8041 kd=0.5008 train_acc=100.00% val_acc=44.58% best=45.88% lr=0.000207911 time=10.7s avg_epoch=10.7s est_planned=35m 34s elapsed=20m 23s
[KD][115/200] loss=0.6161 ce=1.8013 kd=0.4844 train_acc=99.95% val_acc=44.77% best=45.88% lr=0.000203946 time=10.6s avg_epoch=10.7s est_planned=35m 33s elapsed=20m 34s
[KD][116/200] loss=0.6138 ce=1.8008 kd=0.4819 train_acc=100.00% val_acc=44.25% best=45.88% lr=0.000199994 time=10.6s avg_epoch=10.7s est_planned=35m 33s elapsed=20m 45s
[KD][117/200] loss=0.6167 ce=1.8033 kd=0.4848 train_acc=99.95% val_acc=44.15% best=45.88% lr=0.000196054 time=10.6s avg_epoch=10.7s est_planned=35m 33s elapsed=20m 55s
[KD][118/200] loss=0.6086 ce=1.8030 kd=0.4759 train_acc=99.95% val_acc=45.37% best=45.88% lr=0.000192128 time=10.5s avg_epoch=10.7s est_planned=35m 33s elapsed=21m 06s
[KD][119/200] loss=0.6095 ce=1.8052 kd=0.4766 train_acc=100.00% val_acc=44.56% best=45.88% lr=0.000188218 time=10.9s avg_epoch=10.7s est_planned=35m 33s elapsed=21m 17s
[KD][120/200] loss=0.6051 ce=1.8037 kd=0.4720 train_acc=100.00% val_acc=45.47% best=45.88% lr=0.000184323 time=10.4s avg_epoch=10.7s est_planned=35m 33s elapsed=21m 27s
[KD][121/200] loss=0.5854 ce=1.8055 kd=0.4498 train_acc=100.00% val_acc=44.58% best=45.88% lr=0.000180446 time=10.6s avg_epoch=10.7s est_planned=35m 33s elapsed=21m 38s
[KD][122/200] loss=0.5901 ce=1.8044 kd=0.4552 train_acc=100.00% val_acc=44.53% best=45.88% lr=0.000176586 time=10.6s avg_epoch=10.7s est_planned=35m 33s elapsed=21m 48s
[KD][123/200] loss=0.5881 ce=1.8068 kd=0.4527 train_acc=100.00% val_acc=44.76% best=45.88% lr=0.000172746 time=10.6s avg_epoch=10.7s est_planned=35m 32s elapsed=21m 59s
[KD][124/200] loss=0.5877 ce=1.8042 kd=0.4525 train_acc=99.95% val_acc=43.81% best=45.88% lr=0.000168925 time=10.6s avg_epoch=10.7s est_planned=35m 32s elapsed=22m 10s
[KD][125/200] loss=0.6010 ce=1.8081 kd=0.4669 train_acc=100.00% val_acc=44.09% best=45.88% lr=0.000165126 time=10.6s avg_epoch=10.7s est_planned=35m 32s elapsed=22m 20s
[KD][126/200] loss=0.5720 ce=1.8074 kd=0.4347 train_acc=100.00% val_acc=44.10% best=45.88% lr=0.000161349 time=10.6s avg_epoch=10.7s est_planned=35m 32s elapsed=22m 31s
[KD][127/200] loss=0.5645 ce=1.8084 kd=0.4262 train_acc=100.00% val_acc=44.40% best=45.88% lr=0.000157594 time=10.4s avg_epoch=10.7s est_planned=35m 32s elapsed=22m 41s
[KD][128/200] loss=0.5559 ce=1.8104 kd=0.4165 train_acc=99.95% val_acc=44.19% best=45.88% lr=0.000153864 time=10.6s avg_epoch=10.7s est_planned=35m 32s elapsed=22m 52s
[KD][129/200] loss=0.5517 ce=1.8049 kd=0.4125 train_acc=100.00% val_acc=44.89% best=45.88% lr=0.000150159 time=10.5s avg_epoch=10.7s est_planned=35m 31s elapsed=23m 03s
[KD][130/200] loss=0.5551 ce=1.8100 kd=0.4157 train_acc=100.00% val_acc=44.90% best=45.88% lr=0.000146479 time=10.5s avg_epoch=10.7s est_planned=35m 31s elapsed=23m 13s
[KD][131/200] loss=0.5448 ce=1.8109 kd=0.4041 train_acc=100.00% val_acc=44.58% best=45.88% lr=0.000142827 time=10.5s avg_epoch=10.7s est_planned=35m 31s elapsed=23m 24s
[KD][132/200] loss=0.5378 ce=1.8110 kd=0.3963 train_acc=100.00% val_acc=44.51% best=45.88% lr=0.000139202 time=10.8s avg_epoch=10.7s est_planned=35m 31s elapsed=23m 35s
[KD][133/200] loss=0.5368 ce=1.8085 kd=0.3955 train_acc=100.00% val_acc=45.03% best=45.88% lr=0.000135606 time=10.6s avg_epoch=10.7s est_planned=35m 31s elapsed=23m 45s
[KD][134/200] loss=0.5410 ce=1.8075 kd=0.4003 train_acc=100.00% val_acc=44.35% best=45.88% lr=0.00013204 time=10.8s avg_epoch=10.7s est_planned=35m 31s elapsed=23m 56s
[KD][135/200] loss=0.5265 ce=1.8121 kd=0.3837 train_acc=100.00% val_acc=44.61% best=45.88% lr=0.000128504 time=10.8s avg_epoch=10.7s est_planned=35m 31s elapsed=24m 07s
[KD][136/200] loss=0.5228 ce=1.8115 kd=0.3796 train_acc=100.00% val_acc=44.58% best=45.88% lr=0.000125 time=10.7s avg_epoch=10.7s est_planned=35m 31s elapsed=24m 18s
[KD][137/200] loss=0.5189 ce=1.8104 kd=0.3754 train_acc=100.00% val_acc=45.10% best=45.88% lr=0.000121528 time=10.6s avg_epoch=10.7s est_planned=35m 31s elapsed=24m 28s
[KD][138/200] loss=0.5136 ce=1.8134 kd=0.3692 train_acc=100.00% val_acc=44.69% best=45.88% lr=0.00011809 time=10.7s avg_epoch=10.7s est_planned=35m 31s elapsed=24m 39s
[KD][139/200] loss=0.5040 ce=1.8145 kd=0.3584 train_acc=100.00% val_acc=44.23% best=45.88% lr=0.000114686 time=10.7s avg_epoch=10.7s est_planned=35m 31s elapsed=24m 50s
[KD][140/200] loss=0.5111 ce=1.8119 kd=0.3665 train_acc=100.00% val_acc=44.59% best=45.88% lr=0.000111317 time=10.8s avg_epoch=10.7s est_planned=35m 32s elapsed=25m 01s
[KD][141/200] loss=0.5117 ce=1.8133 kd=0.3671 train_acc=100.00% val_acc=44.48% best=45.88% lr=0.000107984 time=10.9s avg_epoch=10.7s est_planned=35m 32s elapsed=25m 12s
[KD][142/200] loss=0.5058 ce=1.8135 kd=0.3605 train_acc=100.00% val_acc=44.40% best=45.88% lr=0.000104688 time=10.6s avg_epoch=10.7s est_planned=35m 32s elapsed=25m 22s
[KD][143/200] loss=0.5079 ce=1.8135 kd=0.3628 train_acc=100.00% val_acc=44.33% best=45.88% lr=0.000101429 time=10.8s avg_epoch=10.7s est_planned=35m 32s elapsed=25m 33s
[KD][144/200] loss=0.5069 ce=1.8139 kd=0.3616 train_acc=99.95% val_acc=44.41% best=45.88% lr=9.82094e-05 time=10.6s avg_epoch=10.7s est_planned=35m 32s elapsed=25m 44s
[KD][145/200] loss=0.5002 ce=1.8122 kd=0.3545 train_acc=100.00% val_acc=44.22% best=45.88% lr=9.50289e-05 time=10.6s avg_epoch=10.7s est_planned=35m 32s elapsed=25m 54s
[KD][146/200] loss=0.4876 ce=1.8140 kd=0.3402 train_acc=100.00% val_acc=44.23% best=45.88% lr=9.18887e-05 time=10.6s avg_epoch=10.7s est_planned=35m 32s elapsed=26m 05s
[KD][147/200] loss=0.4915 ce=1.8145 kd=0.3445 train_acc=100.00% val_acc=44.32% best=45.88% lr=8.87894e-05 time=10.7s avg_epoch=10.7s est_planned=35m 32s elapsed=26m 16s
[KD][148/200] loss=0.4902 ce=1.8183 kd=0.3426 train_acc=100.00% val_acc=44.35% best=45.88% lr=8.57321e-05 time=10.8s avg_epoch=10.7s est_planned=35m 32s elapsed=26m 27s
[KD][149/200] loss=0.4848 ce=1.8153 kd=0.3369 train_acc=100.00% val_acc=44.64% best=45.88% lr=8.27173e-05 time=10.9s avg_epoch=10.7s est_planned=35m 32s elapsed=26m 38s
[KD][150/200] loss=0.4810 ce=1.8164 kd=0.3326 train_acc=100.00% val_acc=44.45% best=45.88% lr=7.9746e-05 time=10.7s avg_epoch=10.7s est_planned=35m 32s elapsed=26m 48s
[KD][151/200] loss=0.4820 ce=1.8167 kd=0.3337 train_acc=100.00% val_acc=44.43% best=45.88% lr=7.68189e-05 time=10.8s avg_epoch=10.7s est_planned=35m 33s elapsed=26m 59s
[KD][152/200] loss=0.4779 ce=1.8157 kd=0.3293 train_acc=100.00% val_acc=44.95% best=45.88% lr=7.39367e-05 time=10.8s avg_epoch=10.7s est_planned=35m 33s elapsed=27m 10s
[KD][153/200] loss=0.4774 ce=1.8155 kd=0.3288 train_acc=100.00% val_acc=44.41% best=45.88% lr=7.11003e-05 time=10.5s avg_epoch=10.7s est_planned=35m 33s elapsed=27m 21s
[KD][154/200] loss=0.4761 ce=1.8159 kd=0.3273 train_acc=100.00% val_acc=44.69% best=45.88% lr=6.83102e-05 time=10.7s avg_epoch=10.7s est_planned=35m 33s elapsed=27m 31s
[KD][155/200] loss=0.4746 ce=1.8165 kd=0.3255 train_acc=100.00% val_acc=44.35% best=45.88% lr=6.55673e-05 time=10.6s avg_epoch=10.7s est_planned=35m 32s elapsed=27m 42s
[KD][156/200] loss=0.4679 ce=1.8150 kd=0.3183 train_acc=100.00% val_acc=44.59% best=45.88% lr=6.28723e-05 time=10.7s avg_epoch=10.7s est_planned=35m 32s elapsed=27m 53s
[KD][157/200] loss=0.4668 ce=1.8133 kd=0.3172 train_acc=100.00% val_acc=44.67% best=45.88% lr=6.02259e-05 time=10.8s avg_epoch=10.7s est_planned=35m 33s elapsed=28m 04s
[KD][158/200] loss=0.4597 ce=1.8166 kd=0.3089 train_acc=100.00% val_acc=44.63% best=45.88% lr=5.76287e-05 time=10.6s avg_epoch=10.7s est_planned=35m 33s elapsed=28m 14s
[KD][159/200] loss=0.4537 ce=1.8148 kd=0.3025 train_acc=100.00% val_acc=44.36% best=45.88% lr=5.50814e-05 time=10.8s avg_epoch=10.7s est_planned=35m 33s elapsed=28m 25s
[KD][160/200] loss=0.4559 ce=1.8180 kd=0.3046 train_acc=100.00% val_acc=44.06% best=45.88% lr=5.25847e-05 time=10.9s avg_epoch=10.7s est_planned=35m 33s elapsed=28m 36s
[KD][161/200] loss=0.4561 ce=1.8169 kd=0.3050 train_acc=100.00% val_acc=44.58% best=45.88% lr=5.01393e-05 time=10.7s avg_epoch=10.7s est_planned=35m 33s elapsed=28m 47s
[KD][162/200] loss=0.4520 ce=1.8131 kd=0.3008 train_acc=100.00% val_acc=44.32% best=45.88% lr=4.77458e-05 time=10.5s avg_epoch=10.7s est_planned=35m 33s elapsed=28m 57s
[KD][163/200] loss=0.4546 ce=1.8163 kd=0.3033 train_acc=100.00% val_acc=44.53% best=45.88% lr=4.54047e-05 time=11.0s avg_epoch=10.7s est_planned=35m 33s elapsed=29m 08s
[KD][164/200] loss=0.4477 ce=1.8147 kd=0.2958 train_acc=100.00% val_acc=44.32% best=45.88% lr=4.31167e-05 time=10.7s avg_epoch=10.7s est_planned=35m 33s elapsed=29m 19s
[KD][165/200] loss=0.4477 ce=1.8152 kd=0.2957 train_acc=100.00% val_acc=44.17% best=45.88% lr=4.08825e-05 time=10.7s avg_epoch=10.7s est_planned=35m 33s elapsed=29m 30s
[KD][166/200] loss=0.4434 ce=1.8149 kd=0.2910 train_acc=100.00% val_acc=44.77% best=45.88% lr=3.87025e-05 time=10.8s avg_epoch=10.7s est_planned=35m 33s elapsed=29m 41s
[KD][167/200] loss=0.4456 ce=1.8180 kd=0.2932 train_acc=100.00% val_acc=44.82% best=45.88% lr=3.65773e-05 time=10.7s avg_epoch=10.7s est_planned=35m 33s elapsed=29m 51s
[KD][168/200] loss=0.4489 ce=1.8165 kd=0.2970 train_acc=100.00% val_acc=44.64% best=45.88% lr=3.45076e-05 time=10.6s avg_epoch=10.7s est_planned=35m 33s elapsed=30m 02s
[KD][169/200] loss=0.4443 ce=1.8164 kd=0.2919 train_acc=100.00% val_acc=44.56% best=45.88% lr=3.24938e-05 time=10.7s avg_epoch=10.7s est_planned=35m 33s elapsed=30m 13s
[KD][170/200] loss=0.4417 ce=1.8157 kd=0.2891 train_acc=100.00% val_acc=44.59% best=45.88% lr=3.05364e-05 time=10.8s avg_epoch=10.7s est_planned=35m 33s elapsed=30m 24s
[KD][171/200] loss=0.4418 ce=1.8208 kd=0.2886 train_acc=100.00% val_acc=44.54% best=45.88% lr=2.8636e-05 time=10.8s avg_epoch=10.7s est_planned=35m 34s elapsed=30m 34s
[KD][172/200] loss=0.4404 ce=1.8169 kd=0.2875 train_acc=100.00% val_acc=44.63% best=45.88% lr=2.6793e-05 time=10.9s avg_epoch=10.7s est_planned=35m 34s elapsed=30m 45s
[KD][173/200] loss=0.4354 ce=1.8187 kd=0.2817 train_acc=99.95% val_acc=44.64% best=45.88% lr=2.5008e-05 time=10.7s avg_epoch=10.7s est_planned=35m 34s elapsed=30m 56s
[KD][174/200] loss=0.4377 ce=1.8206 kd=0.2840 train_acc=100.00% val_acc=44.48% best=45.88% lr=2.32814e-05 time=10.5s avg_epoch=10.7s est_planned=35m 34s elapsed=31m 07s
[KD][175/200] loss=0.4314 ce=1.8199 kd=0.2772 train_acc=100.00% val_acc=44.77% best=45.88% lr=2.16136e-05 time=10.7s avg_epoch=10.7s est_planned=35m 34s elapsed=31m 17s
[KD][176/200] loss=0.4347 ce=1.8157 kd=0.2812 train_acc=100.00% val_acc=44.48% best=45.88% lr=2.00051e-05 time=10.7s avg_epoch=10.7s est_planned=35m 34s elapsed=31m 28s
[KD][177/200] loss=0.4314 ce=1.8173 kd=0.2775 train_acc=100.00% val_acc=44.66% best=45.88% lr=1.84563e-05 time=11.0s avg_epoch=10.7s est_planned=35m 34s elapsed=31m 39s
[KD][178/200] loss=0.4319 ce=1.8168 kd=0.2780 train_acc=100.00% val_acc=44.50% best=45.88% lr=1.69676e-05 time=10.9s avg_epoch=10.7s est_planned=35m 34s elapsed=31m 50s
[KD][179/200] loss=0.4280 ce=1.8190 kd=0.2735 train_acc=100.00% val_acc=44.41% best=45.88% lr=1.55394e-05 time=10.8s avg_epoch=10.7s est_planned=35m 34s elapsed=32m 01s
[KD][180/200] loss=0.4310 ce=1.8206 kd=0.2766 train_acc=100.00% val_acc=44.48% best=45.88% lr=1.4172e-05 time=10.8s avg_epoch=10.7s est_planned=35m 35s elapsed=32m 12s
[KD][181/200] loss=0.4266 ce=1.8174 kd=0.2721 train_acc=100.00% val_acc=44.43% best=45.88% lr=1.28659e-05 time=10.8s avg_epoch=10.7s est_planned=35m 35s elapsed=32m 23s
[KD][182/200] loss=0.4289 ce=1.8202 kd=0.2743 train_acc=100.00% val_acc=44.67% best=45.88% lr=1.16213e-05 time=10.8s avg_epoch=10.7s est_planned=35m 35s elapsed=32m 33s
[KD][183/200] loss=0.4299 ce=1.8191 kd=0.2755 train_acc=100.00% val_acc=44.61% best=45.88% lr=1.04385e-05 time=10.8s avg_epoch=10.7s est_planned=35m 35s elapsed=32m 44s
[KD][184/200] loss=0.4263 ce=1.8205 kd=0.2713 train_acc=100.00% val_acc=44.46% best=45.88% lr=9.31798e-06 time=10.6s avg_epoch=10.7s est_planned=35m 35s elapsed=32m 55s
[KD][185/200] loss=0.4278 ce=1.8197 kd=0.2732 train_acc=100.00% val_acc=44.43% best=45.88% lr=8.25989e-06 time=10.8s avg_epoch=10.7s est_planned=35m 35s elapsed=33m 06s
[KD][186/200] loss=0.4227 ce=1.8205 kd=0.2674 train_acc=100.00% val_acc=44.40% best=45.88% lr=7.26455e-06 time=11.0s avg_epoch=10.7s est_planned=35m 35s elapsed=33m 17s
[KD][187/200] loss=0.4265 ce=1.8198 kd=0.2717 train_acc=100.00% val_acc=44.50% best=45.88% lr=6.3322e-06 time=10.6s avg_epoch=10.7s est_planned=35m 35s elapsed=33m 28s
[KD][188/200] loss=0.4265 ce=1.8209 kd=0.2716 train_acc=100.00% val_acc=44.54% best=45.88% lr=5.4631e-06 time=11.0s avg_epoch=10.7s est_planned=35m 36s elapsed=33m 39s
[KD][189/200] loss=0.4252 ce=1.8199 kd=0.2702 train_acc=100.00% val_acc=44.54% best=45.88% lr=4.65747e-06 time=10.7s avg_epoch=10.7s est_planned=35m 36s elapsed=33m 49s
[KD][190/200] loss=0.4290 ce=1.8198 kd=0.2744 train_acc=100.00% val_acc=44.48% best=45.88% lr=3.91552e-06 time=10.7s avg_epoch=10.7s est_planned=35m 36s elapsed=34m 00s
[KD][191/200] loss=0.4228 ce=1.8198 kd=0.2676 train_acc=100.00% val_acc=44.45% best=45.88% lr=3.23743e-06 time=10.7s avg_epoch=10.7s est_planned=35m 36s elapsed=34m 11s
[KD][192/200] loss=0.4235 ce=1.8211 kd=0.2682 train_acc=100.00% val_acc=44.54% best=45.88% lr=2.6234e-06 time=10.7s avg_epoch=10.7s est_planned=35m 36s elapsed=34m 22s
[KD][193/200] loss=0.4205 ce=1.8182 kd=0.2652 train_acc=100.00% val_acc=44.53% best=45.88% lr=2.07357e-06 time=10.7s avg_epoch=10.7s est_planned=35m 36s elapsed=34m 32s
[KD][194/200] loss=0.4208 ce=1.8184 kd=0.2656 train_acc=100.00% val_acc=44.48% best=45.88% lr=1.58809e-06 time=10.8s avg_epoch=10.7s est_planned=35m 36s elapsed=34m 43s
[KD][195/200] loss=0.4205 ce=1.8192 kd=0.2651 train_acc=100.00% val_acc=44.51% best=45.88% lr=1.16709e-06 time=10.8s avg_epoch=10.7s est_planned=35m 36s elapsed=34m 54s
[KD][196/200] loss=0.4209 ce=1.8193 kd=0.2655 train_acc=100.00% val_acc=44.46% best=45.88% lr=8.10673e-07 time=10.5s avg_epoch=10.7s est_planned=35m 36s elapsed=35m 04s
[KD][197/200] loss=0.4199 ce=1.8195 kd=0.2644 train_acc=100.00% val_acc=44.51% best=45.88% lr=5.18932e-07 time=10.8s avg_epoch=10.7s est_planned=35m 36s elapsed=35m 15s
[KD][198/200] loss=0.4196 ce=1.8189 kd=0.2641 train_acc=100.00% val_acc=44.50% best=45.88% lr=2.91943e-07 time=10.8s avg_epoch=10.7s est_planned=35m 36s elapsed=35m 26s
[KD][199/200] loss=0.4254 ce=1.8178 kd=0.2707 train_acc=100.00% val_acc=44.51% best=45.88% lr=1.29767e-07 time=10.8s avg_epoch=10.7s est_planned=35m 36s elapsed=35m 37s
[KD][200/200] loss=0.4206 ce=1.8192 kd=0.2652 train_acc=100.00% val_acc=44.53% best=45.88% lr=3.24438e-08 time=10.8s avg_epoch=10.7s est_planned=35m 36s elapsed=35m 48s
========================================================================
[FINAL_RESULT] kd_best_top1=45.88% vanilla_top1=50.06% gain_over_vanilla=-4.18pp
[TIMING] avg_epoch=10.7s planned_epochs=200 estimated_total=35m 36s elapsed=35m 48s
[FINAL_RESULT] best_checkpoint=/app/output/kd_flowers102_deit_ti_200ep/student_best.pt
[FINAL_RESULT] latest_checkpoint=/app/output/kd_flowers102_deit_ti_200ep/student_latest.pt
[FINAL_RESULT] summary=/app/output/kd_flowers102_deit_ti_200ep/summary.json
[DONE] KD training completed successfully; resources may be released.
